16:32:40 | DEBUG | __init__: 623 | Using proactor: IocpProactor
16:32:40 | DEBUG | make_request: 133 | Make request: "getMe" with data: "{}" and files "None"
16:32:40 | DEBUG | check_result: 95 | Response for getMe: [200] "'{"ok":true,"result":{"id":5435708975,"is_bot":true,"first_name":"popovtest","username":"popov_test_bot","can_join_groups":true,"can_read_all_group_messages":false,"supports_inline_queries":false}}'"
16:32:40 | INFO | _welcome: 362 | Bot: popovtest [@popov_test_bot]
16:32:40 | INFO | start_polling: 358 | Start polling.
16:32:40 | DEBUG | make_request: 133 | Make request: "getWebhookInfo" with data: "{}" and files "None"
16:32:40 | DEBUG | check_result: 95 | Response for getWebhookInfo: [200] "'{"ok":true,"result":{"url":"","has_custom_certificate":false,"pending_update_count":0}}'"
16:32:40 | DEBUG | make_request: 133 | Make request: "getUpdates" with data: "{'timeout': 20}" and files "None"
16:32:47 | DEBUG | check_result: 95 | Response for getUpdates: [200] "'{"ok":true,"result":[{"update_id":439431056,\n"message":{"message_id":214,"from":{"id":965665251,"is_bot":false,"first_name":"\\u0430\\u0440\\u043a\\u0430\\u0448\\u0430","last_name":"\\u043b\\u043e\\u0442\\u043e\\u0432","language_code":"ru"},"chat":{"id":965665251,"first_name":"\\u0430\\u0440\\u043a\\u0430\\u0448\\u0430","last_name":"\\u043b\\u043e\\u0442\\u043e\\u0432","type":"private"},"date":1657719167,"text":"15"}}]}'"
16:32:47 | DEBUG | start_polling: 395 | Received 1 updates.
16:32:47 | DEBUG | make_request: 133 | Make request: "sendMessage" with data: "{'chat_id': 965665251, 'text': 'Твоё число меньше загаданного.\nПопробуй ещё раз'}" and files "None"
16:32:47 | DEBUG | make_request: 133 | Make request: "getUpdates" with data: "{'offset': 439431057, 'timeout': 20}" and files "None"
16:32:47 | DEBUG | check_result: 95 | Response for sendMessage: [200] "'{"ok":true,"result":{"message_id":215,"from":{"id":5435708975,"is_bot":true,"first_name":"popovtest","username":"popov_test_bot"},"chat":{"id":965665251,"first_name":"\\u0430\\u0440\\u043a\\u0430\\u0448\\u0430","last_name":"\\u043b\\u043e\\u0442\\u043e\\u0432","type":"private"},"date":1657719167,"text":"\\u0422\\u0432\\u043e\\u0451 \\u0447\\u0438\\u0441\\u043b\\u043e \\u043c\\u0435\\u043d\\u044c\\u0448\\u0435 \\u0437\\u0430\\u0433\\u0430\\u0434\\u0430\\u043d\\u043d\\u043e\\u0433\\u043e.\\n\\u041f\\u043e\\u043f\\u0440\\u043e\\u0431\\u0443\\u0439 \\u0435\\u0449\\u0451 \\u0440\\u0430\\u0437"}}'"
16:33:08 | DEBUG | check_result: 95 | Response for getUpdates: [200] "'{"ok":true,"result":[]}'"
16:33:08 | DEBUG | make_request: 133 | Make request: "getUpdates" with data: "{'offset': 439431057, 'timeout': 20}" and files "None"
16:33:28 | DEBUG | check_result: 95 | Response for getUpdates: [200] "'{"ok":true,"result":[]}'"
16:33:28 | DEBUG | make_request: 133 | Make request: "getUpdates" with data: "{'offset': 439431057, 'timeout': 20}" and files "None"
16:33:48 | DEBUG | check_result: 95 | Response for getUpdates: [200] "'{"ok":true,"result":[]}'"
16:33:48 | DEBUG | make_request: 133 | Make request: "getUpdates" with data: "{'offset': 439431057, 'timeout': 20}" and files "None"
16:34:08 | DEBUG | check_result: 95 | Response for getUpdates: [200] "'{"ok":true,"result":[]}'"
16:34:08 | DEBUG | make_request: 133 | Make request: "getUpdates" with data: "{'offset': 439431057, 'timeout': 20}" and files "None"
16:34:28 | DEBUG | check_result: 95 | Response for getUpdates: [200] "'{"ok":true,"result":[]}'"
16:34:28 | DEBUG | make_request: 133 | Make request: "getUpdates" with data: "{'offset': 439431057, 'timeout': 20}" and files "None"
16:34:48 | DEBUG | check_result: 95 | Response for getUpdates: [200] "'{"ok":true,"result":[]}'"
16:34:49 | DEBUG | make_request: 133 | Make request: "getUpdates" with data: "{'offset': 439431057, 'timeout': 20}" and files "None"
16:35:09 | DEBUG | check_result: 95 | Response for getUpdates: [200] "'{"ok":true,"result":[]}'"
16:35:09 | DEBUG | make_request: 133 | Make request: "getUpdates" with data: "{'offset': 439431057, 'timeout': 20}" and files "None"
16:35:29 | DEBUG | check_result: 95 | Response for getUpdates: [200] "'{"ok":true,"result":[]}'"
16:35:29 | DEBUG | make_request: 133 | Make request: "getUpdates" with data: "{'offset': 439431057, 'timeout': 20}" and files "None"
16:35:49 | DEBUG | check_result: 95 | Response for getUpdates: [200] "'{"ok":true,"result":[]}'"
16:35:49 | DEBUG | make_request: 133 | Make request: "getUpdates" with data: "{'offset': 439431057, 'timeout': 20}" and files "None"
16:36:09 | DEBUG | check_result: 95 | Response for getUpdates: [200] "'{"ok":true,"result":[]}'"
16:36:09 | DEBUG | make_request: 133 | Make request: "getUpdates" with data: "{'offset': 439431057, 'timeout': 20}" and files "None"
16:36:29 | DEBUG | check_result: 95 | Response for getUpdates: [200] "'{"ok":true,"result":[]}'"
16:36:29 | DEBUG | make_request: 133 | Make request: "getUpdates" with data: "{'offset': 439431057, 'timeout': 20}" and files "None"
16:36:49 | DEBUG | check_result: 95 | Response for getUpdates: [200] "'{"ok":true,"result":[]}'"
16:36:50 | DEBUG | make_request: 133 | Make request: "getUpdates" with data: "{'offset': 439431057, 'timeout': 20}" and files "None"
16:37:10 | DEBUG | check_result: 95 | Response for getUpdates: [200] "'{"ok":true,"result":[]}'"
16:37:10 | DEBUG | make_request: 133 | Make request: "getUpdates" with data: "{'offset': 439431057, 'timeout': 20}" and files "None"
16:37:30 | DEBUG | check_result: 95 | Response for getUpdates: [200] "'{"ok":true,"result":[]}'"
16:37:30 | DEBUG | make_request: 133 | Make request: "getUpdates" with data: "{'offset': 439431057, 'timeout': 20}" and files "None"
16:37:50 | DEBUG | check_result: 95 | Response for getUpdates: [200] "'{"ok":true,"result":[]}'"
16:37:50 | DEBUG | make_request: 133 | Make request: "getUpdates" with data: "{'offset': 439431057, 'timeout': 20}" and files "None"
16:38:10 | DEBUG | check_result: 95 | Response for getUpdates: [200] "'{"ok":true,"result":[]}'"
16:38:10 | DEBUG | make_request: 133 | Make request: "getUpdates" with data: "{'offset': 439431057, 'timeout': 20}" and files "None"
16:38:30 | DEBUG | check_result: 95 | Response for getUpdates: [200] "'{"ok":true,"result":[]}'"
16:38:30 | DEBUG | make_request: 133 | Make request: "getUpdates" with data: "{'offset': 439431057, 'timeout': 20}" and files "None"
16:38:51 | DEBUG | check_result: 95 | Response for getUpdates: [200] "'{"ok":true,"result":[]}'"
16:38:51 | DEBUG | make_request: 133 | Make request: "getUpdates" with data: "{'offset': 439431057, 'timeout': 20}" and files "None"
16:39:11 | DEBUG | check_result: 95 | Response for getUpdates: [200] "'{"ok":true,"result":[]}'"
16:39:11 | DEBUG | make_request: 133 | Make request: "getUpdates" with data: "{'offset': 439431057, 'timeout': 20}" and files "None"
16:39:31 | DEBUG | check_result: 95 | Response for getUpdates: [200] "'{"ok":true,"result":[]}'"
16:39:31 | DEBUG | make_request: 133 | Make request: "getUpdates" with data: "{'offset': 439431057, 'timeout': 20}" and files "None"
16:39:51 | DEBUG | check_result: 95 | Response for getUpdates: [200] "'{"ok":true,"result":[]}'"
16:39:51 | DEBUG | make_request: 133 | Make request: "getUpdates" with data: "{'offset': 439431057, 'timeout': 20}" and files "None"
16:40:11 | DEBUG | check_result: 95 | Response for getUpdates: [200] "'{"ok":true,"result":[]}'"
16:40:11 | DEBUG | make_request: 133 | Make request: "getUpdates" with data: "{'offset': 439431057, 'timeout': 20}" and files "None"
16:40:31 | DEBUG | check_result: 95 | Response for getUpdates: [200] "'{"ok":true,"result":[]}'"
16:40:32 | DEBUG | make_request: 133 | Make request: "getUpdates" with data: "{'offset': 439431057, 'timeout': 20}" and files "None"
16:40:52 | DEBUG | check_result: 95 | Response for getUpdates: [200] "'{"ok":true,"result":[]}'"
16:40:52 | DEBUG | make_request: 133 | Make request: "getUpdates" with data: "{'offset': 439431057, 'timeout': 20}" and files "None"
16:40:52 | DEBUG | check_result: 95 | Response for getUpdates: [200] "'{"ok":true,"result":[{"update_id":439431057,\n"message":{"message_id":216,"from":{"id":965665251,"is_bot":false,"first_name":"\\u0430\\u0440\\u043a\\u0430\\u0448\\u0430","last_name":"\\u043b\\u043e\\u0442\\u043e\\u0432","language_code":"ru"},"chat":{"id":965665251,"first_name":"\\u0430\\u0440\\u043a\\u0430\\u0448\\u0430","last_name":"\\u043b\\u043e\\u0442\\u043e\\u0432","type":"private"},"date":1657719652,"text":"\\\\ start"}}]}'"
16:40:52 | DEBUG | start_polling: 395 | Received 1 updates.
16:40:52 | DEBUG | make_request: 133 | Make request: "sendMessage" with data: "{'chat_id': 965665251, 'text': 'пиши целое число'}" and files "None"
16:40:52 | DEBUG | check_result: 95 | Response for sendMessage: [200] "'{"ok":true,"result":{"message_id":217,"from":{"id":5435708975,"is_bot":true,"first_name":"popovtest","username":"popov_test_bot"},"chat":{"id":965665251,"first_name":"\\u0430\\u0440\\u043a\\u0430\\u0448\\u0430","last_name":"\\u043b\\u043e\\u0442\\u043e\\u0432","type":"private"},"date":1657719652,"text":"\\u043f\\u0438\\u0448\\u0438 \\u0446\\u0435\\u043b\\u043e\\u0435 \\u0447\\u0438\\u0441\\u043b\\u043e"}}'"
16:40:52 | DEBUG | make_request: 133 | Make request: "getUpdates" with data: "{'offset': 439431058, 'timeout': 20}" and files "None"
16:41:04 | DEBUG | check_result: 95 | Response for getUpdates: [200] "'{"ok":true,"result":[{"update_id":439431058,\n"message":{"message_id":218,"from":{"id":965665251,"is_bot":false,"first_name":"\\u0430\\u0440\\u043a\\u0430\\u0448\\u0430","last_name":"\\u043b\\u043e\\u0442\\u043e\\u0432","language_code":"ru"},"chat":{"id":965665251,"first_name":"\\u0430\\u0440\\u043a\\u0430\\u0448\\u0430","last_name":"\\u043b\\u043e\\u0442\\u043e\\u0432","type":"private"},"date":1657719664,"text":"23"}}]}'"
16:41:04 | DEBUG | start_polling: 395 | Received 1 updates.
16:41:04 | DEBUG | make_request: 133 | Make request: "sendMessage" with data: "{'chat_id': 965665251, 'text': 'Твоё число меньше загаданного.\nПопробуй ещё раз'}" and files "None"
16:41:05 | DEBUG | make_request: 133 | Make request: "getUpdates" with data: "{'offset': 439431059, 'timeout': 20}" and files "None"
16:41:05 | DEBUG | check_result: 95 | Response for sendMessage: [200] "'{"ok":true,"result":{"message_id":219,"from":{"id":5435708975,"is_bot":true,"first_name":"popovtest","username":"popov_test_bot"},"chat":{"id":965665251,"first_name":"\\u0430\\u0440\\u043a\\u0430\\u0448\\u0430","last_name":"\\u043b\\u043e\\u0442\\u043e\\u0432","type":"private"},"date":1657719664,"text":"\\u0422\\u0432\\u043e\\u0451 \\u0447\\u0438\\u0441\\u043b\\u043e \\u043c\\u0435\\u043d\\u044c\\u0448\\u0435 \\u0437\\u0430\\u0433\\u0430\\u0434\\u0430\\u043d\\u043d\\u043e\\u0433\\u043e.\\n\\u041f\\u043e\\u043f\\u0440\\u043e\\u0431\\u0443\\u0439 \\u0435\\u0449\\u0451 \\u0440\\u0430\\u0437"}}'"
16:41:25 | DEBUG | check_result: 95 | Response for getUpdates: [200] "'{"ok":true,"result":[]}'"
16:41:25 | DEBUG | make_request: 133 | Make request: "getUpdates" with data: "{'offset': 439431059, 'timeout': 20}" and files "None"
16:41:45 | DEBUG | check_result: 95 | Response for getUpdates: [200] "'{"ok":true,"result":[]}'"
16:41:45 | DEBUG | make_request: 133 | Make request: "getUpdates" with data: "{'offset': 439431059, 'timeout': 20}" and files "None"
16:42:05 | DEBUG | check_result: 95 | Response for getUpdates: [200] "'{"ok":true,"result":[]}'"
16:42:05 | DEBUG | make_request: 133 | Make request: "getUpdates" with data: "{'offset': 439431059, 'timeout': 20}" and files "None"
16:42:25 | DEBUG | check_result: 95 | Response for getUpdates: [200] "'{"ok":true,"result":[]}'"
16:42:25 | DEBUG | make_request: 133 | Make request: "getUpdates" with data: "{'offset': 439431059, 'timeout': 20}" and files "None"
16:42:46 | DEBUG | check_result: 95 | Response for getUpdates: [200] "'{"ok":true,"result":[]}'"
16:42:46 | DEBUG | make_request: 133 | Make request: "getUpdates" with data: "{'offset': 439431059, 'timeout': 20}" and files "None"
16:43:06 | DEBUG | check_result: 95 | Response for getUpdates: [200] "'{"ok":true,"result":[]}'"
16:43:06 | DEBUG | make_request: 133 | Make request: "getUpdates" with data: "{'offset': 439431059, 'timeout': 20}" and files "None"
16:43:26 | DEBUG | check_result: 95 | Response for getUpdates: [200] "'{"ok":true,"result":[]}'"
16:43:26 | DEBUG | make_request: 133 | Make request: "getUpdates" with data: "{'offset': 439431059, 'timeout': 20}" and files "None"
16:43:46 | DEBUG | check_result: 95 | Response for getUpdates: [200] "'{"ok":true,"result":[]}'"
16:43:46 | DEBUG | make_request: 133 | Make request: "getUpdates" with data: "{'offset': 439431059, 'timeout': 20}" and files "None"
16:44:06 | DEBUG | check_result: 95 | Response for getUpdates: [200] "'{"ok":true,"result":[]}'"
16:44:06 | DEBUG | make_request: 133 | Make request: "getUpdates" with data: "{'offset': 439431059, 'timeout': 20}" and files "None"
16:44:27 | DEBUG | check_result: 95 | Response for getUpdates: [200] "'{"ok":true,"result":[]}'"
16:44:27 | DEBUG | make_request: 133 | Make request: "getUpdates" with data: "{'offset': 439431059, 'timeout': 20}" and files "None"
16:44:47 | DEBUG | check_result: 95 | Response for getUpdates: [200] "'{"ok":true,"result":[]}'"
16:44:47 | DEBUG | make_request: 133 | Make request: "getUpdates" with data: "{'offset': 439431059, 'timeout': 20}" and files "None"
16:45:07 | DEBUG | check_result: 95 | Response for getUpdates: [200] "'{"ok":true,"result":[]}'"
16:45:07 | DEBUG | make_request: 133 | Make request: "getUpdates" with data: "{'offset': 439431059, 'timeout': 20}" and files "None"
16:45:27 | DEBUG | check_result: 95 | Response for getUpdates: [200] "'{"ok":true,"result":[]}'"
16:45:27 | DEBUG | make_request: 133 | Make request: "getUpdates" with data: "{'offset': 439431059, 'timeout': 20}" and files "None"
16:45:47 | DEBUG | check_result: 95 | Response for getUpdates: [200] "'{"ok":true,"result":[]}'"
16:45:48 | DEBUG | make_request: 133 | Make request: "getUpdates" with data: "{'offset': 439431059, 'timeout': 20}" and files "None"
16:46:08 | DEBUG | check_result: 95 | Response for getUpdates: [200] "'{"ok":true,"result":[]}'"
16:46:08 | DEBUG | make_request: 133 | Make request: "getUpdates" with data: "{'offset': 439431059, 'timeout': 20}" and files "None"
16:46:28 | DEBUG | check_result: 95 | Response for getUpdates: [200] "'{"ok":true,"result":[]}'"
16:46:28 | DEBUG | make_request: 133 | Make request: "getUpdates" with data: "{'offset': 439431059, 'timeout': 20}" and files "None"
16:46:48 | DEBUG | check_result: 95 | Response for getUpdates: [200] "'{"ok":true,"result":[]}'"
16:46:48 | DEBUG | make_request: 133 | Make request: "getUpdates" with data: "{'offset': 439431059, 'timeout': 20}" and files "None"
16:47:08 | DEBUG | check_result: 95 | Response for getUpdates: [200] "'{"ok":true,"result":[]}'"
16:47:08 | DEBUG | make_request: 133 | Make request: "getUpdates" with data: "{'offset': 439431059, 'timeout': 20}" and files "None"
16:47:29 | DEBUG | check_result: 95 | Response for getUpdates: [200] "'{"ok":true,"result":[]}'"
16:47:29 | DEBUG | make_request: 133 | Make request: "getUpdates" with data: "{'offset': 439431059, 'timeout': 20}" and files "None"
16:47:49 | DEBUG | check_result: 95 | Response for getUpdates: [200] "'{"ok":true,"result":[]}'"
16:47:49 | DEBUG | make_request: 133 | Make request: "getUpdates" with data: "{'offset': 439431059, 'timeout': 20}" and files "None"
16:47:55 | INFO | stop_polling: 433 | Stop polling...
16:47:55 | WARNING | start_polling: 329 | Goodbye!
16:51:40 | DEBUG | __init__: 623 | Using proactor: IocpProactor
16:51:40 | DEBUG | make_request: 133 | Make request: "getMe" with data: "{}" and files "None"
16:51:41 | DEBUG | check_result: 95 | Response for getMe: [200] "'{"ok":true,"result":{"id":5435708975,"is_bot":true,"first_name":"popovtest","username":"popov_test_bot","can_join_groups":true,"can_read_all_group_messages":false,"supports_inline_queries":false}}'"
16:51:41 | INFO | _welcome: 362 | Bot: popovtest [@popov_test_bot]
16:51:41 | INFO | start_polling: 358 | Start polling.
16:51:41 | DEBUG | make_request: 133 | Make request: "getWebhookInfo" with data: "{}" and files "None"
16:51:41 | DEBUG | check_result: 95 | Response for getWebhookInfo: [200] "'{"ok":true,"result":{"url":"","has_custom_certificate":false,"pending_update_count":0}}'"
16:51:41 | DEBUG | make_request: 133 | Make request: "getUpdates" with data: "{'timeout': 20}" and files "None"
16:51:50 | DEBUG | check_result: 95 | Response for getUpdates: [200] "'{"ok":true,"result":[{"update_id":439431059,\n"message":{"message_id":220,"from":{"id":965665251,"is_bot":false,"first_name":"\\u0430\\u0440\\u043a\\u0430\\u0448\\u0430","last_name":"\\u043b\\u043e\\u0442\\u043e\\u0432","language_code":"ru"},"chat":{"id":965665251,"first_name":"\\u0430\\u0440\\u043a\\u0430\\u0448\\u0430","last_name":"\\u043b\\u043e\\u0442\\u043e\\u0432","type":"private"},"date":1657720310,"text":"/start","entities":[{"offset":0,"length":6,"type":"bot_command"}]}}]}'"
16:51:50 | DEBUG | start_polling: 395 | Received 1 updates.
16:51:50 | DEBUG | make_request: 133 | Make request: "sendMessage" with data: "{'chat_id': 965665251, 'text': 'привет,аркаша лотов,я загадал число теперь пробуй его угадать'}" and files "None"
16:51:50 | DEBUG | make_request: 133 | Make request: "getUpdates" with data: "{'offset': 439431060, 'timeout': 20}" and files "None"
16:51:50 | DEBUG | check_result: 95 | Response for sendMessage: [200] "'{"ok":true,"result":{"message_id":221,"from":{"id":5435708975,"is_bot":true,"first_name":"popovtest","username":"popov_test_bot"},"chat":{"id":965665251,"first_name":"\\u0430\\u0440\\u043a\\u0430\\u0448\\u0430","last_name":"\\u043b\\u043e\\u0442\\u043e\\u0432","type":"private"},"date":1657720310,"text":"\\u043f\\u0440\\u0438\\u0432\\u0435\\u0442,\\u0430\\u0440\\u043a\\u0430\\u0448\\u0430 \\u043b\\u043e\\u0442\\u043e\\u0432,\\u044f \\u0437\\u0430\\u0433\\u0430\\u0434\\u0430\\u043b \\u0447\\u0438\\u0441\\u043b\\u043e \\u0442\\u0435\\u043f\\u0435\\u0440\\u044c \\u043f\\u0440\\u043e\\u0431\\u0443\\u0439 \\u0435\\u0433\\u043e \\u0443\\u0433\\u0430\\u0434\\u0430\\u0442\\u044c"}}'"
16:51:54 | DEBUG | check_result: 95 | Response for getUpdates: [200] "'{"ok":true,"result":[{"update_id":439431060,\n"message":{"message_id":222,"from":{"id":965665251,"is_bot":false,"first_name":"\\u0430\\u0440\\u043a\\u0430\\u0448\\u0430","last_name":"\\u043b\\u043e\\u0442\\u043e\\u0432","language_code":"ru"},"chat":{"id":965665251,"first_name":"\\u0430\\u0440\\u043a\\u0430\\u0448\\u0430","last_name":"\\u043b\\u043e\\u0442\\u043e\\u0432","type":"private"},"date":1657720314,"text":"50"}}]}'"
16:51:54 | DEBUG | start_polling: 395 | Received 1 updates.
16:51:54 | DEBUG | make_request: 133 | Make request: "sendMessage" with data: "{'chat_id': 965665251, 'text': 'Твоё число меньше загаданного.\nПопробуй ещё раз'}" and files "None"
16:51:54 | DEBUG | make_request: 133 | Make request: "getUpdates" with data: "{'offset': 439431061, 'timeout': 20}" and files "None"
16:51:54 | DEBUG | check_result: 95 | Response for sendMessage: [200] "'{"ok":true,"result":{"message_id":223,"from":{"id":5435708975,"is_bot":true,"first_name":"popovtest","username":"popov_test_bot"},"chat":{"id":965665251,"first_name":"\\u0430\\u0440\\u043a\\u0430\\u0448\\u0430","last_name":"\\u043b\\u043e\\u0442\\u043e\\u0432","type":"private"},"date":1657720314,"text":"\\u0422\\u0432\\u043e\\u0451 \\u0447\\u0438\\u0441\\u043b\\u043e \\u043c\\u0435\\u043d\\u044c\\u0448\\u0435 \\u0437\\u0430\\u0433\\u0430\\u0434\\u0430\\u043d\\u043d\\u043e\\u0433\\u043e.\\n\\u041f\\u043e\\u043f\\u0440\\u043e\\u0431\\u0443\\u0439 \\u0435\\u0449\\u0451 \\u0440\\u0430\\u0437"}}'"
16:52:03 | DEBUG | check_result: 95 | Response for getUpdates: [200] "'{"ok":true,"result":[{"update_id":439431061,\n"message":{"message_id":224,"from":{"id":965665251,"is_bot":false,"first_name":"\\u0430\\u0440\\u043a\\u0430\\u0448\\u0430","last_name":"\\u043b\\u043e\\u0442\\u043e\\u0432","language_code":"ru"},"chat":{"id":965665251,"first_name":"\\u0430\\u0440\\u043a\\u0430\\u0448\\u0430","last_name":"\\u043b\\u043e\\u0442\\u043e\\u0432","type":"private"},"date":1657720323,"text":"70"}}]}'"
16:52:03 | DEBUG | start_polling: 395 | Received 1 updates.
16:52:03 | DEBUG | make_request: 133 | Make request: "sendMessage" with data: "{'chat_id': 965665251, 'text': 'Твоё число меньше загаданного.\nПопробуй ещё раз'}" and files "None"
16:52:04 | DEBUG | make_request: 133 | Make request: "getUpdates" with data: "{'offset': 439431062, 'timeout': 20}" and files "None"
16:52:04 | DEBUG | check_result: 95 | Response for sendMessage: [200] "'{"ok":true,"result":{"message_id":225,"from":{"id":5435708975,"is_bot":true,"first_name":"popovtest","username":"popov_test_bot"},"chat":{"id":965665251,"first_name":"\\u0430\\u0440\\u043a\\u0430\\u0448\\u0430","last_name":"\\u043b\\u043e\\u0442\\u043e\\u0432","type":"private"},"date":1657720324,"text":"\\u0422\\u0432\\u043e\\u0451 \\u0447\\u0438\\u0441\\u043b\\u043e \\u043c\\u0435\\u043d\\u044c\\u0448\\u0435 \\u0437\\u0430\\u0433\\u0430\\u0434\\u0430\\u043d\\u043d\\u043e\\u0433\\u043e.\\n\\u041f\\u043e\\u043f\\u0440\\u043e\\u0431\\u0443\\u0439 \\u0435\\u0449\\u0451 \\u0440\\u0430\\u0437"}}'"
16:52:10 | DEBUG | check_result: 95 | Response for getUpdates: [200] "'{"ok":true,"result":[{"update_id":439431062,\n"message":{"message_id":226,"from":{"id":965665251,"is_bot":false,"first_name":"\\u0430\\u0440\\u043a\\u0430\\u0448\\u0430","last_name":"\\u043b\\u043e\\u0442\\u043e\\u0432","language_code":"ru"},"chat":{"id":965665251,"first_name":"\\u0430\\u0440\\u043a\\u0430\\u0448\\u0430","last_name":"\\u043b\\u043e\\u0442\\u043e\\u0432","type":"private"},"date":1657720330,"text":"90"}}]}'"
16:52:10 | DEBUG | start_polling: 395 | Received 1 updates.
16:52:10 | DEBUG | make_request: 133 | Make request: "sendMessage" with data: "{'chat_id': 965665251, 'text': 'Поздравляю ты угадал.\nКоличество попыток: 3'}" and files "None"
16:52:10 | DEBUG | make_request: 133 | Make request: "getUpdates" with data: "{'offset': 439431063, 'timeout': 20}" and files "None"
16:52:10 | DEBUG | check_result: 95 | Response for sendMessage: [200] "'{"ok":true,"result":{"message_id":227,"from":{"id":5435708975,"is_bot":true,"first_name":"popovtest","username":"popov_test_bot"},"chat":{"id":965665251,"first_name":"\\u0430\\u0440\\u043a\\u0430\\u0448\\u0430","last_name":"\\u043b\\u043e\\u0442\\u043e\\u0432","type":"private"},"date":1657720330,"text":"\\u041f\\u043e\\u0437\\u0434\\u0440\\u0430\\u0432\\u043b\\u044f\\u044e \\u0442\\u044b \\u0443\\u0433\\u0430\\u0434\\u0430\\u043b.\\n\\u041a\\u043e\\u043b\\u0438\\u0447\\u0435\\u0441\\u0442\\u0432\\u043e \\u043f\\u043e\\u043f\\u044b\\u0442\\u043e\\u043a: 3"}}'"
16:52:30 | DEBUG | check_result: 95 | Response for getUpdates: [200] "'{"ok":true,"result":[]}'"
16:52:30 | DEBUG | make_request: 133 | Make request: "getUpdates" with data: "{'offset': 439431063, 'timeout': 20}" and files "None"
16:52:50 | DEBUG | check_result: 95 | Response for getUpdates: [200] "'{"ok":true,"result":[]}'"
16:52:50 | DEBUG | make_request: 133 | Make request: "getUpdates" with data: "{'offset': 439431063, 'timeout': 20}" and files "None"
16:53:10 | DEBUG | check_result: 95 | Response for getUpdates: [200] "'{"ok":true,"result":[]}'"
16:53:11 | DEBUG | make_request: 133 | Make request: "getUpdates" with data: "{'offset': 439431063, 'timeout': 20}" and files "None"
16:53:25 | DEBUG | check_result: 95 | Response for getUpdates: [200] "'{"ok":true,"result":[{"update_id":439431063,\n"message":{"message_id":228,"from":{"id":965665251,"is_bot":false,"first_name":"\\u0430\\u0440\\u043a\\u0430\\u0448\\u0430","last_name":"\\u043b\\u043e\\u0442\\u043e\\u0432","language_code":"ru"},"chat":{"id":965665251,"first_name":"\\u0430\\u0440\\u043a\\u0430\\u0448\\u0430","last_name":"\\u043b\\u043e\\u0442\\u043e\\u0432","type":"private"},"date":1657720405,"text":"12"}}]}'"
16:53:25 | DEBUG | start_polling: 395 | Received 1 updates.
16:53:25 | DEBUG | make_request: 133 | Make request: "sendMessage" with data: "{'chat_id': 965665251, 'text': 'Твоё число меньше загаданного.\nПопробуй ещё раз'}" and files "None"
16:53:25 | DEBUG | check_result: 95 | Response for sendMessage: [200] "'{"ok":true,"result":{"message_id":229,"from":{"id":5435708975,"is_bot":true,"first_name":"popovtest","username":"popov_test_bot"},"chat":{"id":965665251,"first_name":"\\u0430\\u0440\\u043a\\u0430\\u0448\\u0430","last_name":"\\u043b\\u043e\\u0442\\u043e\\u0432","type":"private"},"date":1657720405,"text":"\\u0422\\u0432\\u043e\\u0451 \\u0447\\u0438\\u0441\\u043b\\u043e \\u043c\\u0435\\u043d\\u044c\\u0448\\u0435 \\u0437\\u0430\\u0433\\u0430\\u0434\\u0430\\u043d\\u043d\\u043e\\u0433\\u043e.\\n\\u041f\\u043e\\u043f\\u0440\\u043e\\u0431\\u0443\\u0439 \\u0435\\u0449\\u0451 \\u0440\\u0430\\u0437"}}'"
16:53:25 | DEBUG | make_request: 133 | Make request: "getUpdates" with data: "{'offset': 439431064, 'timeout': 20}" and files "None"
16:53:31 | DEBUG | check_result: 95 | Response for getUpdates: [200] "'{"ok":true,"result":[{"update_id":439431064,\n"message":{"message_id":230,"from":{"id":965665251,"is_bot":false,"first_name":"\\u0430\\u0440\\u043a\\u0430\\u0448\\u0430","last_name":"\\u043b\\u043e\\u0442\\u043e\\u0432","language_code":"ru"},"chat":{"id":965665251,"first_name":"\\u0430\\u0440\\u043a\\u0430\\u0448\\u0430","last_name":"\\u043b\\u043e\\u0442\\u043e\\u0432","type":"private"},"date":1657720410,"text":"50"}}]}'"
16:53:31 | DEBUG | start_polling: 395 | Received 1 updates.
16:53:31 | DEBUG | make_request: 133 | Make request: "sendMessage" with data: "{'chat_id': 965665251, 'text': 'Твоё число меньше загаданного.\nПопробуй ещё раз'}" and files "None"
16:53:31 | DEBUG | make_request: 133 | Make request: "getUpdates" with data: "{'offset': 439431065, 'timeout': 20}" and files "None"
16:53:31 | DEBUG | check_result: 95 | Response for sendMessage: [200] "'{"ok":true,"result":{"message_id":231,"from":{"id":5435708975,"is_bot":true,"first_name":"popovtest","username":"popov_test_bot"},"chat":{"id":965665251,"first_name":"\\u0430\\u0440\\u043a\\u0430\\u0448\\u0430","last_name":"\\u043b\\u043e\\u0442\\u043e\\u0432","type":"private"},"date":1657720411,"text":"\\u0422\\u0432\\u043e\\u0451 \\u0447\\u0438\\u0441\\u043b\\u043e \\u043c\\u0435\\u043d\\u044c\\u0448\\u0435 \\u0437\\u0430\\u0433\\u0430\\u0434\\u0430\\u043d\\u043d\\u043e\\u0433\\u043e.\\n\\u041f\\u043e\\u043f\\u0440\\u043e\\u0431\\u0443\\u0439 \\u0435\\u0449\\u0451 \\u0440\\u0430\\u0437"}}'"
16:53:34 | DEBUG | check_result: 95 | Response for getUpdates: [200] "'{"ok":true,"result":[{"update_id":439431065,\n"message":{"message_id":232,"from":{"id":965665251,"is_bot":false,"first_name":"\\u0430\\u0440\\u043a\\u0430\\u0448\\u0430","last_name":"\\u043b\\u043e\\u0442\\u043e\\u0432","language_code":"ru"},"chat":{"id":965665251,"first_name":"\\u0430\\u0440\\u043a\\u0430\\u0448\\u0430","last_name":"\\u043b\\u043e\\u0442\\u043e\\u0432","type":"private"},"date":1657720414,"text":"90"}}]}'"
16:53:34 | DEBUG | start_polling: 395 | Received 1 updates.
16:53:34 | DEBUG | make_request: 133 | Make request: "sendMessage" with data: "{'chat_id': 965665251, 'text': 'Поздравляю ты угадал.\nКоличество попыток: 5'}" and files "None"
16:53:34 | DEBUG | make_request: 133 | Make request: "getUpdates" with data: "{'offset': 439431066, 'timeout': 20}" and files "None"
16:53:34 | DEBUG | check_result: 95 | Response for sendMessage: [200] "'{"ok":true,"result":{"message_id":233,"from":{"id":5435708975,"is_bot":true,"first_name":"popovtest","username":"popov_test_bot"},"chat":{"id":965665251,"first_name":"\\u0430\\u0440\\u043a\\u0430\\u0448\\u0430","last_name":"\\u043b\\u043e\\u0442\\u043e\\u0432","type":"private"},"date":1657720414,"text":"\\u041f\\u043e\\u0437\\u0434\\u0440\\u0430\\u0432\\u043b\\u044f\\u044e \\u0442\\u044b \\u0443\\u0433\\u0430\\u0434\\u0430\\u043b.\\n\\u041a\\u043e\\u043b\\u0438\\u0447\\u0435\\u0441\\u0442\\u0432\\u043e \\u043f\\u043e\\u043f\\u044b\\u0442\\u043e\\u043a: 5"}}'"
16:53:54 | DEBUG | check_result: 95 | Response for getUpdates: [200] "'{"ok":true,"result":[]}'"
16:53:54 | DEBUG | make_request: 133 | Make request: "getUpdates" with data: "{'offset': 439431066, 'timeout': 20}" and files "None"
16:54:02 | INFO | stop_polling: 433 | Stop polling...
16:54:02 | WARNING | start_polling: 329 | Goodbye!
16:54:04 | DEBUG | __init__: 623 | Using proactor: IocpProactor
16:54:04 | DEBUG | make_request: 133 | Make request: "getMe" with data: "{}" and files "None"
16:54:05 | DEBUG | check_result: 95 | Response for getMe: [200] "'{"ok":true,"result":{"id":5435708975,"is_bot":true,"first_name":"popovtest","username":"popov_test_bot","can_join_groups":true,"can_read_all_group_messages":false,"supports_inline_queries":false}}'"
16:54:05 | INFO | _welcome: 362 | Bot: popovtest [@popov_test_bot]
16:54:05 | INFO | start_polling: 358 | Start polling.
16:54:05 | DEBUG | make_request: 133 | Make request: "getWebhookInfo" with data: "{}" and files "None"
16:54:05 | DEBUG | check_result: 95 | Response for getWebhookInfo: [200] "'{"ok":true,"result":{"url":"","has_custom_certificate":false,"pending_update_count":0}}'"
16:54:05 | DEBUG | make_request: 133 | Make request: "getUpdates" with data: "{'timeout': 20}" and files "None"
16:54:25 | DEBUG | check_result: 95 | Response for getUpdates: [200] "'{"ok":true,"result":[]}'"
16:54:25 | DEBUG | make_request: 133 | Make request: "getUpdates" with data: "{'timeout': 20}" and files "None"
16:54:45 | DEBUG | check_result: 95 | Response for getUpdates: [200] "'{"ok":true,"result":[]}'"
16:54:45 | DEBUG | make_request: 133 | Make request: "getUpdates" with data: "{'timeout': 20}" and files "None"
16:55:05 | DEBUG | check_result: 95 | Response for getUpdates: [200] "'{"ok":true,"result":[]}'"
16:55:06 | DEBUG | make_request: 133 | Make request: "getUpdates" with data: "{'timeout': 20}" and files "None"
16:55:26 | DEBUG | check_result: 95 | Response for getUpdates: [200] "'{"ok":true,"result":[]}'"
16:55:26 | DEBUG | make_request: 133 | Make request: "getUpdates" with data: "{'timeout': 20}" and files "None"
16:55:46 | DEBUG | check_result: 95 | Response for getUpdates: [200] "'{"ok":true,"result":[]}'"
16:55:46 | DEBUG | make_request: 133 | Make request: "getUpdates" with data: "{'timeout': 20}" and files "None"
16:56:06 | DEBUG | check_result: 95 | Response for getUpdates: [200] "'{"ok":true,"result":[]}'"
16:56:06 | DEBUG | make_request: 133 | Make request: "getUpdates" with data: "{'timeout': 20}" and files "None"
16:56:26 | DEBUG | check_result: 95 | Response for getUpdates: [200] "'{"ok":true,"result":[]}'"
16:56:26 | DEBUG | make_request: 133 | Make request: "getUpdates" with data: "{'timeout': 20}" and files "None"
16:56:46 | DEBUG | check_result: 95 | Response for getUpdates: [200] "'{"ok":true,"result":[]}'"
16:56:47 | DEBUG | make_request: 133 | Make request: "getUpdates" with data: "{'timeout': 20}" and files "None"
16:57:07 | DEBUG | check_result: 95 | Response for getUpdates: [200] "'{"ok":true,"result":[]}'"
16:57:07 | DEBUG | make_request: 133 | Make request: "getUpdates" with data: "{'timeout': 20}" and files "None"
16:57:27 | DEBUG | check_result: 95 | Response for getUpdates: [200] "'{"ok":true,"result":[]}'"
16:57:27 | DEBUG | make_request: 133 | Make request: "getUpdates" with data: "{'timeout': 20}" and files "None"
16:57:47 | DEBUG | check_result: 95 | Response for getUpdates: [200] "'{"ok":true,"result":[]}'"
16:57:47 | DEBUG | make_request: 133 | Make request: "getUpdates" with data: "{'timeout': 20}" and files "None"
16:58:07 | DEBUG | check_result: 95 | Response for getUpdates: [200] "'{"ok":true,"result":[]}'"
16:58:08 | DEBUG | make_request: 133 | Make request: "getUpdates" with data: "{'timeout': 20}" and files "None"
16:58:28 | DEBUG | check_result: 95 | Response for getUpdates: [200] "'{"ok":true,"result":[]}'"
16:58:28 | DEBUG | make_request: 133 | Make request: "getUpdates" with data: "{'timeout': 20}" and files "None"
16:58:48 | DEBUG | check_result: 95 | Response for getUpdates: [200] "'{"ok":true,"result":[]}'"
16:58:48 | DEBUG | make_request: 133 | Make request: "getUpdates" with data: "{'timeout': 20}" and files "None"
16:59:08 | DEBUG | check_result: 95 | Response for getUpdates: [200] "'{"ok":true,"result":[]}'"
16:59:08 | DEBUG | make_request: 133 | Make request: "getUpdates" with data: "{'timeout': 20}" and files "None"
16:59:28 | DEBUG | check_result: 95 | Response for getUpdates: [200] "'{"ok":true,"result":[]}'"
16:59:28 | DEBUG | make_request: 133 | Make request: "getUpdates" with data: "{'timeout': 20}" and files "None"
16:59:49 | DEBUG | check_result: 95 | Response for getUpdates: [200] "'{"ok":true,"result":[]}'"
16:59:49 | DEBUG | make_request: 133 | Make request: "getUpdates" with data: "{'timeout': 20}" and files "None"
17:00:09 | DEBUG | check_result: 95 | Response for getUpdates: [200] "'{"ok":true,"result":[]}'"
17:00:09 | DEBUG | make_request: 133 | Make request: "getUpdates" with data: "{'timeout': 20}" and files "None"
17:00:29 | DEBUG | check_result: 95 | Response for getUpdates: [200] "'{"ok":true,"result":[]}'"
17:00:29 | DEBUG | make_request: 133 | Make request: "getUpdates" with data: "{'timeout': 20}" and files "None"
17:00:50 | DEBUG | check_result: 95 | Response for getUpdates: [200] "'{"ok":true,"result":[]}'"
17:00:50 | DEBUG | make_request: 133 | Make request: "getUpdates" with data: "{'timeout': 20}" and files "None"
17:01:10 | DEBUG | check_result: 95 | Response for getUpdates: [200] "'{"ok":true,"result":[]}'"
17:01:10 | DEBUG | make_request: 133 | Make request: "getUpdates" with data: "{'timeout': 20}" and files "None"
17:01:30 | DEBUG | check_result: 95 | Response for getUpdates: [200] "'{"ok":true,"result":[]}'"
17:01:30 | DEBUG | make_request: 133 | Make request: "getUpdates" with data: "{'timeout': 20}" and files "None"
17:01:50 | DEBUG | check_result: 95 | Response for getUpdates: [200] "'{"ok":true,"result":[]}'"
17:01:50 | DEBUG | make_request: 133 | Make request: "getUpdates" with data: "{'timeout': 20}" and files "None"
17:02:11 | DEBUG | check_result: 95 | Response for getUpdates: [200] "'{"ok":true,"result":[]}'"
17:02:11 | DEBUG | make_request: 133 | Make request: "getUpdates" with data: "{'timeout': 20}" and files "None"
17:02:31 | DEBUG | check_result: 95 | Response for getUpdates: [200] "'{"ok":true,"result":[]}'"
17:02:31 | DEBUG | make_request: 133 | Make request: "getUpdates" with data: "{'timeout': 20}" and files "None"
17:02:51 | DEBUG | check_result: 95 | Response for getUpdates: [200] "'{"ok":true,"result":[]}'"
17:02:51 | DEBUG | make_request: 133 | Make request: "getUpdates" with data: "{'timeout': 20}" and files "None"
17:03:11 | DEBUG | check_result: 95 | Response for getUpdates: [200] "'{"ok":true,"result":[]}'"
17:03:11 | DEBUG | make_request: 133 | Make request: "getUpdates" with data: "{'timeout': 20}" and files "None"
17:03:31 | DEBUG | check_result: 95 | Response for getUpdates: [200] "'{"ok":true,"result":[]}'"
17:03:32 | DEBUG | make_request: 133 | Make request: "getUpdates" with data: "{'timeout': 20}" and files "None"
17:03:52 | DEBUG | check_result: 95 | Response for getUpdates: [200] "'{"ok":true,"result":[]}'"
17:03:52 | DEBUG | make_request: 133 | Make request: "getUpdates" with data: "{'timeout': 20}" and files "None"
17:04:12 | DEBUG | check_result: 95 | Response for getUpdates: [200] "'{"ok":true,"result":[]}'"
17:04:12 | DEBUG | make_request: 133 | Make request: "getUpdates" with data: "{'timeout': 20}" and files "None"
17:04:32 | DEBUG | check_result: 95 | Response for getUpdates: [200] "'{"ok":true,"result":[]}'"
17:04:32 | DEBUG | make_request: 133 | Make request: "getUpdates" with data: "{'timeout': 20}" and files "None"
17:04:52 | DEBUG | check_result: 95 | Response for getUpdates: [200] "'{"ok":true,"result":[]}'"
17:04:53 | DEBUG | make_request: 133 | Make request: "getUpdates" with data: "{'timeout': 20}" and files "None"
17:05:13 | DEBUG | check_result: 95 | Response for getUpdates: [200] "'{"ok":true,"result":[]}'"
17:05:13 | DEBUG | make_request: 133 | Make request: "getUpdates" with data: "{'timeout': 20}" and files "None"
17:05:33 | DEBUG | check_result: 95 | Response for getUpdates: [200] "'{"ok":true,"result":[]}'"
17:05:33 | DEBUG | make_request: 133 | Make request: "getUpdates" with data: "{'timeout': 20}" and files "None"
17:05:53 | DEBUG | check_result: 95 | Response for getUpdates: [200] "'{"ok":true,"result":[]}'"
17:05:53 | DEBUG | make_request: 133 | Make request: "getUpdates" with data: "{'timeout': 20}" and files "None"
17:06:09 | INFO | stop_polling: 433 | Stop polling...
17:06:09 | WARNING | start_polling: 329 | Goodbye!
13:52:37 | DEBUG | __init__: 623 | Using proactor: IocpProactor
13:52:37 | DEBUG | make_request: 133 | Make request: "getMe" with data: "{}" and files "None"
13:52:37 | DEBUG | check_result: 95 | Response for getMe: [200] "'{"ok":true,"result":{"id":5435708975,"is_bot":true,"first_name":"popovtest","username":"popov_test_bot","can_join_groups":true,"can_read_all_group_messages":false,"supports_inline_queries":false}}'"
13:52:37 | INFO | _welcome: 362 | Bot: popovtest [@popov_test_bot]
13:52:37 | INFO | start_polling: 358 | Start polling.
13:52:37 | DEBUG | make_request: 133 | Make request: "getWebhookInfo" with data: "{}" and files "None"
13:52:37 | DEBUG | check_result: 95 | Response for getWebhookInfo: [200] "'{"ok":true,"result":{"url":"","has_custom_certificate":false,"pending_update_count":1}}'"
13:52:37 | DEBUG | make_request: 133 | Make request: "getUpdates" with data: "{'timeout': 20}" and files "None"
13:52:38 | DEBUG | check_result: 95 | Response for getUpdates: [200] "'{"ok":true,"result":[{"update_id":439431169,\n"message":{"message_id":430,"from":{"id":965665251,"is_bot":false,"first_name":"\\u0430\\u0440\\u043a\\u0430\\u0448\\u0430","last_name":"\\u043b\\u043e\\u0442\\u043e\\u0432","language_code":"ru"},"chat":{"id":965665251,"first_name":"\\u0430\\u0440\\u043a\\u0430\\u0448\\u0430","last_name":"\\u043b\\u043e\\u0442\\u043e\\u0432","type":"private"},"date":1657795958,"text":"/start","entities":[{"offset":0,"length":6,"type":"bot_command"}]}}]}'"
13:52:38 | DEBUG | start_polling: 395 | Received 1 updates.
13:52:38 | DEBUG | make_request: 133 | Make request: "sendMessage" with data: "{'chat_id': 965665251, 'text': 'привет,аркаша лотов,я загадал число теперь пробуй его угадать'}" and files "None"
13:52:38 | DEBUG | make_request: 133 | Make request: "getUpdates" with data: "{'offset': 439431170, 'timeout': 20}" and files "None"
13:52:38 | DEBUG | check_result: 95 | Response for sendMessage: [200] "'{"ok":true,"result":{"message_id":431,"from":{"id":5435708975,"is_bot":true,"first_name":"popovtest","username":"popov_test_bot"},"chat":{"id":965665251,"first_name":"\\u0430\\u0440\\u043a\\u0430\\u0448\\u0430","last_name":"\\u043b\\u043e\\u0442\\u043e\\u0432","type":"private"},"date":1657795958,"text":"\\u043f\\u0440\\u0438\\u0432\\u0435\\u0442,\\u0430\\u0440\\u043a\\u0430\\u0448\\u0430 \\u043b\\u043e\\u0442\\u043e\\u0432,\\u044f \\u0437\\u0430\\u0433\\u0430\\u0434\\u0430\\u043b \\u0447\\u0438\\u0441\\u043b\\u043e \\u0442\\u0435\\u043f\\u0435\\u0440\\u044c \\u043f\\u0440\\u043e\\u0431\\u0443\\u0439 \\u0435\\u0433\\u043e \\u0443\\u0433\\u0430\\u0434\\u0430\\u0442\\u044c"}}'"
13:52:45 | DEBUG | check_result: 95 | Response for getUpdates: [200] "'{"ok":true,"result":[{"update_id":439431170,\n"message":{"message_id":432,"from":{"id":965665251,"is_bot":false,"first_name":"\\u0430\\u0440\\u043a\\u0430\\u0448\\u0430","last_name":"\\u043b\\u043e\\u0442\\u043e\\u0432","language_code":"ru"},"chat":{"id":965665251,"first_name":"\\u0430\\u0440\\u043a\\u0430\\u0448\\u0430","last_name":"\\u043b\\u043e\\u0442\\u043e\\u0432","type":"private"},"date":1657795966,"text":"27"}}]}'"
13:52:45 | DEBUG | start_polling: 395 | Received 1 updates.
13:52:45 | DEBUG | make_request: 133 | Make request: "sendMessage" with data: "{'chat_id': 965665251, 'text': 'Твоё число меньше загаданного.\nПопробуй ещё раз'}" and files "None"
13:52:45 | DEBUG | make_request: 133 | Make request: "getUpdates" with data: "{'offset': 439431171, 'timeout': 20}" and files "None"
13:52:45 | DEBUG | check_result: 95 | Response for sendMessage: [200] "'{"ok":true,"result":{"message_id":433,"from":{"id":5435708975,"is_bot":true,"first_name":"popovtest","username":"popov_test_bot"},"chat":{"id":965665251,"first_name":"\\u0430\\u0440\\u043a\\u0430\\u0448\\u0430","last_name":"\\u043b\\u043e\\u0442\\u043e\\u0432","type":"private"},"date":1657795966,"text":"\\u0422\\u0432\\u043e\\u0451 \\u0447\\u0438\\u0441\\u043b\\u043e \\u043c\\u0435\\u043d\\u044c\\u0448\\u0435 \\u0437\\u0430\\u0433\\u0430\\u0434\\u0430\\u043d\\u043d\\u043e\\u0433\\u043e.\\n\\u041f\\u043e\\u043f\\u0440\\u043e\\u0431\\u0443\\u0439 \\u0435\\u0449\\u0451 \\u0440\\u0430\\u0437"}}'"
13:53:05 | DEBUG | check_result: 95 | Response for getUpdates: [200] "'{"ok":true,"result":[]}'"
13:53:05 | DEBUG | make_request: 133 | Make request: "getUpdates" with data: "{'offset': 439431171, 'timeout': 20}" and files "None"
13:53:07 | DEBUG | check_result: 95 | Response for getUpdates: [200] "'{"ok":true,"result":[{"update_id":439431171,\n"message":{"message_id":434,"from":{"id":976896597,"is_bot":false,"first_name":"Sasha","last_name":"Borisenko","language_code":"ru"},"chat":{"id":976896597,"first_name":"Sasha","last_name":"Borisenko","type":"private"},"date":1657795988,"text":"\\u043a"}}]}'"
13:53:07 | DEBUG | start_polling: 395 | Received 1 updates.
13:53:07 | DEBUG | make_request: 133 | Make request: "sendMessage" with data: "{'chat_id': 976896597, 'text': 'пиши целое число'}" and files "None"
13:53:07 | DEBUG | make_request: 133 | Make request: "getUpdates" with data: "{'offset': 439431172, 'timeout': 20}" and files "None"
13:53:07 | DEBUG | check_result: 95 | Response for sendMessage: [200] "'{"ok":true,"result":{"message_id":435,"from":{"id":5435708975,"is_bot":true,"first_name":"popovtest","username":"popov_test_bot"},"chat":{"id":976896597,"first_name":"Sasha","last_name":"Borisenko","type":"private"},"date":1657795988,"text":"\\u043f\\u0438\\u0448\\u0438 \\u0446\\u0435\\u043b\\u043e\\u0435 \\u0447\\u0438\\u0441\\u043b\\u043e"}}'"
13:53:10 | DEBUG | check_result: 95 | Response for getUpdates: [200] "'{"ok":true,"result":[{"update_id":439431172,\n"message":{"message_id":436,"from":{"id":976896597,"is_bot":false,"first_name":"Sasha","last_name":"Borisenko","language_code":"ru"},"chat":{"id":976896597,"first_name":"Sasha","last_name":"Borisenko","type":"private"},"date":1657795991,"text":"4"}}]}'"
13:53:10 | DEBUG | start_polling: 395 | Received 1 updates.
13:53:10 | DEBUG | make_request: 133 | Make request: "sendMessage" with data: "{'chat_id': 976896597, 'text': 'Твоё число меньше загаданного.\nПопробуй ещё раз'}" and files "None"
13:53:11 | DEBUG | make_request: 133 | Make request: "getUpdates" with data: "{'offset': 439431173, 'timeout': 20}" and files "None"
13:53:11 | DEBUG | check_result: 95 | Response for sendMessage: [200] "'{"ok":true,"result":{"message_id":437,"from":{"id":5435708975,"is_bot":true,"first_name":"popovtest","username":"popov_test_bot"},"chat":{"id":976896597,"first_name":"Sasha","last_name":"Borisenko","type":"private"},"date":1657795991,"text":"\\u0422\\u0432\\u043e\\u0451 \\u0447\\u0438\\u0441\\u043b\\u043e \\u043c\\u0435\\u043d\\u044c\\u0448\\u0435 \\u0437\\u0430\\u0433\\u0430\\u0434\\u0430\\u043d\\u043d\\u043e\\u0433\\u043e.\\n\\u041f\\u043e\\u043f\\u0440\\u043e\\u0431\\u0443\\u0439 \\u0435\\u0449\\u0451 \\u0440\\u0430\\u0437"}}'"
13:53:13 | DEBUG | check_result: 95 | Response for getUpdates: [200] "'{"ok":true,"result":[{"update_id":439431173,\n"message":{"message_id":438,"from":{"id":976896597,"is_bot":false,"first_name":"Sasha","last_name":"Borisenko","language_code":"ru"},"chat":{"id":976896597,"first_name":"Sasha","last_name":"Borisenko","type":"private"},"date":1657795994,"text":"28"}}]}'"
13:53:13 | DEBUG | start_polling: 395 | Received 1 updates.
13:53:13 | DEBUG | make_request: 133 | Make request: "sendMessage" with data: "{'chat_id': 976896597, 'text': 'Твоё число меньше загаданного.\nПопробуй ещё раз'}" and files "None"
13:53:13 | DEBUG | make_request: 133 | Make request: "getUpdates" with data: "{'offset': 439431174, 'timeout': 20}" and files "None"
13:53:13 | DEBUG | check_result: 95 | Response for sendMessage: [200] "'{"ok":true,"result":{"message_id":439,"from":{"id":5435708975,"is_bot":true,"first_name":"popovtest","username":"popov_test_bot"},"chat":{"id":976896597,"first_name":"Sasha","last_name":"Borisenko","type":"private"},"date":1657795994,"text":"\\u0422\\u0432\\u043e\\u0451 \\u0447\\u0438\\u0441\\u043b\\u043e \\u043c\\u0435\\u043d\\u044c\\u0448\\u0435 \\u0437\\u0430\\u0433\\u0430\\u0434\\u0430\\u043d\\u043d\\u043e\\u0433\\u043e.\\n\\u041f\\u043e\\u043f\\u0440\\u043e\\u0431\\u0443\\u0439 \\u0435\\u0449\\u0451 \\u0440\\u0430\\u0437"}}'"
13:53:15 | DEBUG | check_result: 95 | Response for getUpdates: [200] "'{"ok":true,"result":[{"update_id":439431174,\n"message":{"message_id":440,"from":{"id":976896597,"is_bot":false,"first_name":"Sasha","last_name":"Borisenko","language_code":"ru"},"chat":{"id":976896597,"first_name":"Sasha","last_name":"Borisenko","type":"private"},"date":1657795996,"text":"39"}}]}'"
13:53:15 | DEBUG | start_polling: 395 | Received 1 updates.
13:53:15 | DEBUG | make_request: 133 | Make request: "sendMessage" with data: "{'chat_id': 976896597, 'text': 'Твоё число больше загаданного.\nПопробуй ввести число ещё раз'}" and files "None"
13:53:15 | DEBUG | make_request: 133 | Make request: "getUpdates" with data: "{'offset': 439431175, 'timeout': 20}" and files "None"
13:53:15 | DEBUG | check_result: 95 | Response for sendMessage: [200] "'{"ok":true,"result":{"message_id":441,"from":{"id":5435708975,"is_bot":true,"first_name":"popovtest","username":"popov_test_bot"},"chat":{"id":976896597,"first_name":"Sasha","last_name":"Borisenko","type":"private"},"date":1657795996,"text":"\\u0422\\u0432\\u043e\\u0451 \\u0447\\u0438\\u0441\\u043b\\u043e \\u0431\\u043e\\u043b\\u044c\\u0448\\u0435 \\u0437\\u0430\\u0433\\u0430\\u0434\\u0430\\u043d\\u043d\\u043e\\u0433\\u043e.\\n\\u041f\\u043e\\u043f\\u0440\\u043e\\u0431\\u0443\\u0439 \\u0432\\u0432\\u0435\\u0441\\u0442\\u0438 \\u0447\\u0438\\u0441\\u043b\\u043e \\u0435\\u0449\\u0451 \\u0440\\u0430\\u0437"}}'"
13:53:22 | DEBUG | check_result: 95 | Response for getUpdates: [200] "'{"ok":true,"result":[{"update_id":439431175,\n"message":{"message_id":442,"from":{"id":976896597,"is_bot":false,"first_name":"Sasha","last_name":"Borisenko","language_code":"ru"},"chat":{"id":976896597,"first_name":"Sasha","last_name":"Borisenko","type":"private"},"date":1657796003,"text":"30"}}]}'"
13:53:22 | DEBUG | start_polling: 395 | Received 1 updates.
13:53:22 | DEBUG | make_request: 133 | Make request: "sendMessage" with data: "{'chat_id': 976896597, 'text': 'Твоё число больше загаданного.\nПопробуй ввести число ещё раз'}" and files "None"
13:53:22 | DEBUG | check_result: 95 | Response for sendMessage: [200] "'{"ok":true,"result":{"message_id":443,"from":{"id":5435708975,"is_bot":true,"first_name":"popovtest","username":"popov_test_bot"},"chat":{"id":976896597,"first_name":"Sasha","last_name":"Borisenko","type":"private"},"date":1657796003,"text":"\\u0422\\u0432\\u043e\\u0451 \\u0447\\u0438\\u0441\\u043b\\u043e \\u0431\\u043e\\u043b\\u044c\\u0448\\u0435 \\u0437\\u0430\\u0433\\u0430\\u0434\\u0430\\u043d\\u043d\\u043e\\u0433\\u043e.\\n\\u041f\\u043e\\u043f\\u0440\\u043e\\u0431\\u0443\\u0439 \\u0432\\u0432\\u0435\\u0441\\u0442\\u0438 \\u0447\\u0438\\u0441\\u043b\\u043e \\u0435\\u0449\\u0451 \\u0440\\u0430\\u0437"}}'"
13:53:22 | DEBUG | make_request: 133 | Make request: "getUpdates" with data: "{'offset': 439431176, 'timeout': 20}" and files "None"
13:53:26 | DEBUG | check_result: 95 | Response for getUpdates: [200] "'{"ok":true,"result":[{"update_id":439431176,\n"message":{"message_id":444,"from":{"id":976896597,"is_bot":false,"first_name":"Sasha","last_name":"Borisenko","language_code":"ru"},"chat":{"id":976896597,"first_name":"Sasha","last_name":"Borisenko","type":"private"},"date":1657796006,"text":"29"}}]}'"
13:53:26 | DEBUG | start_polling: 395 | Received 1 updates.
13:53:26 | DEBUG | make_request: 133 | Make request: "sendMessage" with data: "{'chat_id': 976896597, 'text': 'Поздравляю ты угадал.\nКоличество попыток: 6'}" and files "None"
13:53:26 | DEBUG | check_result: 95 | Response for sendMessage: [200] "'{"ok":true,"result":{"message_id":445,"from":{"id":5435708975,"is_bot":true,"first_name":"popovtest","username":"popov_test_bot"},"chat":{"id":976896597,"first_name":"Sasha","last_name":"Borisenko","type":"private"},"date":1657796006,"text":"\\u041f\\u043e\\u0437\\u0434\\u0440\\u0430\\u0432\\u043b\\u044f\\u044e \\u0442\\u044b \\u0443\\u0433\\u0430\\u0434\\u0430\\u043b.\\n\\u041a\\u043e\\u043b\\u0438\\u0447\\u0435\\u0441\\u0442\\u0432\\u043e \\u043f\\u043e\\u043f\\u044b\\u0442\\u043e\\u043a: 6"}}'"
13:53:26 | DEBUG | make_request: 133 | Make request: "getUpdates" with data: "{'offset': 439431177, 'timeout': 20}" and files "None"
13:53:46 | DEBUG | check_result: 95 | Response for getUpdates: [200] "'{"ok":true,"result":[]}'"
13:53:46 | DEBUG | make_request: 133 | Make request: "getUpdates" with data: "{'offset': 439431177, 'timeout': 20}" and files "None"
13:54:06 | DEBUG | check_result: 95 | Response for getUpdates: [200] "'{"ok":true,"result":[]}'"
13:54:06 | DEBUG | make_request: 133 | Make request: "getUpdates" with data: "{'offset': 439431177, 'timeout': 20}" and files "None"
13:54:26 | DEBUG | check_result: 95 | Response for getUpdates: [200] "'{"ok":true,"result":[]}'"
13:54:26 | DEBUG | make_request: 133 | Make request: "getUpdates" with data: "{'offset': 439431177, 'timeout': 20}" and files "None"
13:54:47 | DEBUG | check_result: 95 | Response for getUpdates: [200] "'{"ok":true,"result":[]}'"
13:54:47 | DEBUG | make_request: 133 | Make request: "getUpdates" with data: "{'offset': 439431177, 'timeout': 20}" and files "None"
13:55:07 | DEBUG | check_result: 95 | Response for getUpdates: [200] "'{"ok":true,"result":[]}'"
13:55:07 | DEBUG | make_request: 133 | Make request: "getUpdates" with data: "{'offset': 439431177, 'timeout': 20}" and files "None"
13:55:27 | DEBUG | check_result: 95 | Response for getUpdates: [200] "'{"ok":true,"result":[]}'"
13:55:27 | DEBUG | make_request: 133 | Make request: "getUpdates" with data: "{'offset': 439431177, 'timeout': 20}" and files "None"
13:55:47 | DEBUG | check_result: 95 | Response for getUpdates: [200] "'{"ok":true,"result":[]}'"
13:55:47 | DEBUG | make_request: 133 | Make request: "getUpdates" with data: "{'offset': 439431177, 'timeout': 20}" and files "None"
13:56:07 | DEBUG | check_result: 95 | Response for getUpdates: [200] "'{"ok":true,"result":[]}'"
13:56:07 | DEBUG | make_request: 133 | Make request: "getUpdates" with data: "{'offset': 439431177, 'timeout': 20}" and files "None"
13:56:27 | DEBUG | check_result: 95 | Response for getUpdates: [200] "'{"ok":true,"result":[]}'"
13:56:28 | DEBUG | make_request: 133 | Make request: "getUpdates" with data: "{'offset': 439431177, 'timeout': 20}" and files "None"
13:56:48 | DEBUG | check_result: 95 | Response for getUpdates: [200] "'{"ok":true,"result":[]}'"
13:56:48 | DEBUG | make_request: 133 | Make request: "getUpdates" with data: "{'offset': 439431177, 'timeout': 20}" and files "None"
13:57:08 | DEBUG | check_result: 95 | Response for getUpdates: [200] "'{"ok":true,"result":[]}'"
13:57:08 | DEBUG | make_request: 133 | Make request: "getUpdates" with data: "{'offset': 439431177, 'timeout': 20}" and files "None"
13:57:28 | DEBUG | check_result: 95 | Response for getUpdates: [200] "'{"ok":true,"result":[]}'"
13:57:28 | DEBUG | make_request: 133 | Make request: "getUpdates" with data: "{'offset': 439431177, 'timeout': 20}" and files "None"
13:57:48 | DEBUG | check_result: 95 | Response for getUpdates: [200] "'{"ok":true,"result":[]}'"
13:57:48 | DEBUG | make_request: 133 | Make request: "getUpdates" with data: "{'offset': 439431177, 'timeout': 20}" and files "None"
13:58:09 | DEBUG | check_result: 95 | Response for getUpdates: [200] "'{"ok":true,"result":[]}'"
13:58:09 | DEBUG | make_request: 133 | Make request: "getUpdates" with data: "{'offset': 439431177, 'timeout': 20}" and files "None"
13:58:29 | DEBUG | check_result: 95 | Response for getUpdates: [200] "'{"ok":true,"result":[]}'"
13:58:29 | DEBUG | make_request: 133 | Make request: "getUpdates" with data: "{'offset': 439431177, 'timeout': 20}" and files "None"
13:58:44 | DEBUG | check_result: 95 | Response for getUpdates: [200] "'{"ok":true,"result":[{"update_id":439431177,\n"message":{"message_id":446,"from":{"id":965665251,"is_bot":false,"first_name":"\\u0430\\u0440\\u043a\\u0430\\u0448\\u0430","last_name":"\\u043b\\u043e\\u0442\\u043e\\u0432","language_code":"en"},"chat":{"id":965665251,"first_name":"\\u0430\\u0440\\u043a\\u0430\\u0448\\u0430","last_name":"\\u043b\\u043e\\u0442\\u043e\\u0432","type":"private"},"date":1657796325,"text":"50"}}]}'"
13:58:44 | DEBUG | start_polling: 395 | Received 1 updates.
13:58:44 | DEBUG | make_request: 133 | Make request: "sendMessage" with data: "{'chat_id': 965665251, 'text': 'Твоё число больше загаданного.\nПопробуй ввести число ещё раз'}" and files "None"
13:58:44 | DEBUG | make_request: 133 | Make request: "getUpdates" with data: "{'offset': 439431178, 'timeout': 20}" and files "None"
13:58:44 | DEBUG | check_result: 95 | Response for sendMessage: [200] "'{"ok":true,"result":{"message_id":447,"from":{"id":5435708975,"is_bot":true,"first_name":"popovtest","username":"popov_test_bot"},"chat":{"id":965665251,"first_name":"\\u0430\\u0440\\u043a\\u0430\\u0448\\u0430","last_name":"\\u043b\\u043e\\u0442\\u043e\\u0432","type":"private"},"date":1657796325,"text":"\\u0422\\u0432\\u043e\\u0451 \\u0447\\u0438\\u0441\\u043b\\u043e \\u0431\\u043e\\u043b\\u044c\\u0448\\u0435 \\u0437\\u0430\\u0433\\u0430\\u0434\\u0430\\u043d\\u043d\\u043e\\u0433\\u043e.\\n\\u041f\\u043e\\u043f\\u0440\\u043e\\u0431\\u0443\\u0439 \\u0432\\u0432\\u0435\\u0441\\u0442\\u0438 \\u0447\\u0438\\u0441\\u043b\\u043e \\u0435\\u0449\\u0451 \\u0440\\u0430\\u0437"}}'"
13:59:04 | DEBUG | check_result: 95 | Response for getUpdates: [200] "'{"ok":true,"result":[]}'"
13:59:05 | DEBUG | make_request: 133 | Make request: "getUpdates" with data: "{'offset': 439431178, 'timeout': 20}" and files "None"
13:59:08 | DEBUG | check_result: 95 | Response for getUpdates: [200] "'{"ok":true,"result":[{"update_id":439431178,\n"message":{"message_id":448,"from":{"id":965665251,"is_bot":false,"first_name":"\\u0430\\u0440\\u043a\\u0430\\u0448\\u0430","last_name":"\\u043b\\u043e\\u0442\\u043e\\u0432","language_code":"en"},"chat":{"id":965665251,"first_name":"\\u0430\\u0440\\u043a\\u0430\\u0448\\u0430","last_name":"\\u043b\\u043e\\u0442\\u043e\\u0432","type":"private"},"date":1657796348,"text":"30"}}]}'"
13:59:08 | DEBUG | start_polling: 395 | Received 1 updates.
13:59:08 | DEBUG | make_request: 133 | Make request: "sendMessage" with data: "{'chat_id': 965665251, 'text': 'Твоё число больше загаданного.\nПопробуй ввести число ещё раз'}" and files "None"
13:59:08 | DEBUG | make_request: 133 | Make request: "getUpdates" with data: "{'offset': 439431179, 'timeout': 20}" and files "None"
13:59:08 | DEBUG | check_result: 95 | Response for sendMessage: [200] "'{"ok":true,"result":{"message_id":449,"from":{"id":5435708975,"is_bot":true,"first_name":"popovtest","username":"popov_test_bot"},"chat":{"id":965665251,"first_name":"\\u0430\\u0440\\u043a\\u0430\\u0448\\u0430","last_name":"\\u043b\\u043e\\u0442\\u043e\\u0432","type":"private"},"date":1657796348,"text":"\\u0422\\u0432\\u043e\\u0451 \\u0447\\u0438\\u0441\\u043b\\u043e \\u0431\\u043e\\u043b\\u044c\\u0448\\u0435 \\u0437\\u0430\\u0433\\u0430\\u0434\\u0430\\u043d\\u043d\\u043e\\u0433\\u043e.\\n\\u041f\\u043e\\u043f\\u0440\\u043e\\u0431\\u0443\\u0439 \\u0432\\u0432\\u0435\\u0441\\u0442\\u0438 \\u0447\\u0438\\u0441\\u043b\\u043e \\u0435\\u0449\\u0451 \\u0440\\u0430\\u0437"}}'"
13:59:25 | DEBUG | check_result: 95 | Response for getUpdates: [200] "'{"ok":true,"result":[{"update_id":439431179,\n"message":{"message_id":450,"from":{"id":965665251,"is_bot":false,"first_name":"\\u0430\\u0440\\u043a\\u0430\\u0448\\u0430","last_name":"\\u043b\\u043e\\u0442\\u043e\\u0432","language_code":"en"},"chat":{"id":965665251,"first_name":"\\u0430\\u0440\\u043a\\u0430\\u0448\\u0430","last_name":"\\u043b\\u043e\\u0442\\u043e\\u0432","type":"private"},"date":1657796366,"text":"29"}}]}'"
13:59:25 | DEBUG | start_polling: 395 | Received 1 updates.
13:59:25 | DEBUG | make_request: 133 | Make request: "sendMessage" with data: "{'chat_id': 965665251, 'text': 'Поздравляю ты угадал.\nКоличество попыток: 3'}" and files "None"
13:59:25 | DEBUG | make_request: 133 | Make request: "getUpdates" with data: "{'offset': 439431180, 'timeout': 20}" and files "None"
13:59:25 | DEBUG | check_result: 95 | Response for sendMessage: [200] "'{"ok":true,"result":{"message_id":451,"from":{"id":5435708975,"is_bot":true,"first_name":"popovtest","username":"popov_test_bot"},"chat":{"id":965665251,"first_name":"\\u0430\\u0440\\u043a\\u0430\\u0448\\u0430","last_name":"\\u043b\\u043e\\u0442\\u043e\\u0432","type":"private"},"date":1657796366,"text":"\\u041f\\u043e\\u0437\\u0434\\u0440\\u0430\\u0432\\u043b\\u044f\\u044e \\u0442\\u044b \\u0443\\u0433\\u0430\\u0434\\u0430\\u043b.\\n\\u041a\\u043e\\u043b\\u0438\\u0447\\u0435\\u0441\\u0442\\u0432\\u043e \\u043f\\u043e\\u043f\\u044b\\u0442\\u043e\\u043a: 3"}}'"
13:59:45 | DEBUG | check_result: 95 | Response for getUpdates: [200] "'{"ok":true,"result":[]}'"
13:59:45 | DEBUG | make_request: 133 | Make request: "getUpdates" with data: "{'offset': 439431180, 'timeout': 20}" and files "None"
14:00:06 | DEBUG | check_result: 95 | Response for getUpdates: [200] "'{"ok":true,"result":[]}'"
14:00:06 | DEBUG | make_request: 133 | Make request: "getUpdates" with data: "{'offset': 439431180, 'timeout': 20}" and files "None"
14:00:26 | DEBUG | check_result: 95 | Response for getUpdates: [200] "'{"ok":true,"result":[]}'"
14:00:26 | DEBUG | make_request: 133 | Make request: "getUpdates" with data: "{'offset': 439431180, 'timeout': 20}" and files "None"
14:00:46 | DEBUG | check_result: 95 | Response for getUpdates: [200] "'{"ok":true,"result":[]}'"
14:00:46 | DEBUG | make_request: 133 | Make request: "getUpdates" with data: "{'offset': 439431180, 'timeout': 20}" and files "None"
14:01:06 | DEBUG | check_result: 95 | Response for getUpdates: [200] "'{"ok":true,"result":[]}'"
14:01:06 | DEBUG | make_request: 133 | Make request: "getUpdates" with data: "{'offset': 439431180, 'timeout': 20}" and files "None"
14:01:26 | DEBUG | check_result: 95 | Response for getUpdates: [200] "'{"ok":true,"result":[]}'"
14:01:27 | DEBUG | make_request: 133 | Make request: "getUpdates" with data: "{'offset': 439431180, 'timeout': 20}" and files "None"
14:01:47 | DEBUG | check_result: 95 | Response for getUpdates: [200] "'{"ok":true,"result":[]}'"
14:01:47 | DEBUG | make_request: 133 | Make request: "getUpdates" with data: "{'offset': 439431180, 'timeout': 20}" and files "None"
14:02:07 | DEBUG | check_result: 95 | Response for getUpdates: [200] "'{"ok":true,"result":[]}'"
14:02:07 | DEBUG | make_request: 133 | Make request: "getUpdates" with data: "{'offset': 439431180, 'timeout': 20}" and files "None"
14:02:27 | DEBUG | check_result: 95 | Response for getUpdates: [200] "'{"ok":true,"result":[]}'"
14:02:27 | DEBUG | make_request: 133 | Make request: "getUpdates" with data: "{'offset': 439431180, 'timeout': 20}" and files "None"
14:02:47 | DEBUG | check_result: 95 | Response for getUpdates: [200] "'{"ok":true,"result":[]}'"
14:02:48 | DEBUG | make_request: 133 | Make request: "getUpdates" with data: "{'offset': 439431180, 'timeout': 20}" and files "None"
14:03:08 | DEBUG | check_result: 95 | Response for getUpdates: [200] "'{"ok":true,"result":[]}'"
14:03:08 | DEBUG | make_request: 133 | Make request: "getUpdates" with data: "{'offset': 439431180, 'timeout': 20}" and files "None"
14:03:28 | DEBUG | check_result: 95 | Response for getUpdates: [200] "'{"ok":true,"result":[]}'"
14:03:28 | DEBUG | make_request: 133 | Make request: "getUpdates" with data: "{'offset': 439431180, 'timeout': 20}" and files "None"
14:03:39 | DEBUG | check_result: 95 | Response for getUpdates: [200] "'{"ok":true,"result":[{"update_id":439431180,\n"message":{"message_id":452,"from":{"id":976896597,"is_bot":false,"first_name":"Sasha","last_name":"Borisenko","language_code":"ru"},"chat":{"id":976896597,"first_name":"Sasha","last_name":"Borisenko","type":"private"},"date":1657796619,"text":"3"}}]}'"
14:03:39 | DEBUG | start_polling: 395 | Received 1 updates.
14:03:39 | DEBUG | make_request: 133 | Make request: "sendMessage" with data: "{'chat_id': 976896597, 'text': 'Твоё число меньше загаданного.\nПопробуй ещё раз'}" and files "None"
14:03:39 | DEBUG | check_result: 95 | Response for sendMessage: [200] "'{"ok":true,"result":{"message_id":453,"from":{"id":5435708975,"is_bot":true,"first_name":"popovtest","username":"popov_test_bot"},"chat":{"id":976896597,"first_name":"Sasha","last_name":"Borisenko","type":"private"},"date":1657796619,"text":"\\u0422\\u0432\\u043e\\u0451 \\u0447\\u0438\\u0441\\u043b\\u043e \\u043c\\u0435\\u043d\\u044c\\u0448\\u0435 \\u0437\\u0430\\u0433\\u0430\\u0434\\u0430\\u043d\\u043d\\u043e\\u0433\\u043e.\\n\\u041f\\u043e\\u043f\\u0440\\u043e\\u0431\\u0443\\u0439 \\u0435\\u0449\\u0451 \\u0440\\u0430\\u0437"}}'"
14:03:39 | DEBUG | make_request: 133 | Make request: "getUpdates" with data: "{'offset': 439431181, 'timeout': 20}" and files "None"
14:03:42 | DEBUG | check_result: 95 | Response for getUpdates: [200] "'{"ok":true,"result":[{"update_id":439431181,\n"message":{"message_id":454,"from":{"id":976896597,"is_bot":false,"first_name":"Sasha","last_name":"Borisenko","language_code":"ru"},"chat":{"id":976896597,"first_name":"Sasha","last_name":"Borisenko","type":"private"},"date":1657796623,"text":"454"}}]}'"
14:03:42 | DEBUG | start_polling: 395 | Received 1 updates.
14:03:42 | DEBUG | make_request: 133 | Make request: "sendMessage" with data: "{'chat_id': 976896597, 'text': 'Твоё число больше загаданного.\nПопробуй ввести число ещё раз'}" and files "None"
14:03:42 | DEBUG | make_request: 133 | Make request: "getUpdates" with data: "{'offset': 439431182, 'timeout': 20}" and files "None"
14:03:42 | DEBUG | check_result: 95 | Response for sendMessage: [200] "'{"ok":true,"result":{"message_id":455,"from":{"id":5435708975,"is_bot":true,"first_name":"popovtest","username":"popov_test_bot"},"chat":{"id":976896597,"first_name":"Sasha","last_name":"Borisenko","type":"private"},"date":1657796623,"text":"\\u0422\\u0432\\u043e\\u0451 \\u0447\\u0438\\u0441\\u043b\\u043e \\u0431\\u043e\\u043b\\u044c\\u0448\\u0435 \\u0437\\u0430\\u0433\\u0430\\u0434\\u0430\\u043d\\u043d\\u043e\\u0433\\u043e.\\n\\u041f\\u043e\\u043f\\u0440\\u043e\\u0431\\u0443\\u0439 \\u0432\\u0432\\u0435\\u0441\\u0442\\u0438 \\u0447\\u0438\\u0441\\u043b\\u043e \\u0435\\u0449\\u0451 \\u0440\\u0430\\u0437"}}'"
14:03:45 | DEBUG | check_result: 95 | Response for getUpdates: [200] "'{"ok":true,"result":[{"update_id":439431182,\n"message":{"message_id":456,"from":{"id":976896597,"is_bot":false,"first_name":"Sasha","last_name":"Borisenko","language_code":"ru"},"chat":{"id":976896597,"first_name":"Sasha","last_name":"Borisenko","type":"private"},"date":1657796625,"text":"34"}}]}'"
14:03:45 | DEBUG | start_polling: 395 | Received 1 updates.
14:03:45 | DEBUG | make_request: 133 | Make request: "sendMessage" with data: "{'chat_id': 976896597, 'text': 'Твоё число больше загаданного.\nПопробуй ввести число ещё раз'}" and files "None"
14:03:45 | DEBUG | make_request: 133 | Make request: "getUpdates" with data: "{'offset': 439431183, 'timeout': 20}" and files "None"
14:03:45 | DEBUG | check_result: 95 | Response for sendMessage: [200] "'{"ok":true,"result":{"message_id":457,"from":{"id":5435708975,"is_bot":true,"first_name":"popovtest","username":"popov_test_bot"},"chat":{"id":976896597,"first_name":"Sasha","last_name":"Borisenko","type":"private"},"date":1657796625,"text":"\\u0422\\u0432\\u043e\\u0451 \\u0447\\u0438\\u0441\\u043b\\u043e \\u0431\\u043e\\u043b\\u044c\\u0448\\u0435 \\u0437\\u0430\\u0433\\u0430\\u0434\\u0430\\u043d\\u043d\\u043e\\u0433\\u043e.\\n\\u041f\\u043e\\u043f\\u0440\\u043e\\u0431\\u0443\\u0439 \\u0432\\u0432\\u0435\\u0441\\u0442\\u0438 \\u0447\\u0438\\u0441\\u043b\\u043e \\u0435\\u0449\\u0451 \\u0440\\u0430\\u0437"}}'"
14:03:56 | DEBUG | check_result: 95 | Response for getUpdates: [200] "'{"ok":true,"result":[{"update_id":439431183,\n"message":{"message_id":458,"from":{"id":976896597,"is_bot":false,"first_name":"Sasha","last_name":"Borisenko","language_code":"ru"},"chat":{"id":976896597,"first_name":"Sasha","last_name":"Borisenko","type":"private"},"date":1657796637,"text":"2"}}]}'"
14:03:56 | DEBUG | start_polling: 395 | Received 1 updates.
14:03:56 | DEBUG | make_request: 133 | Make request: "sendMessage" with data: "{'chat_id': 976896597, 'text': 'Твоё число меньше загаданного.\nПопробуй ещё раз'}" and files "None"
14:03:56 | DEBUG | make_request: 133 | Make request: "getUpdates" with data: "{'offset': 439431184, 'timeout': 20}" and files "None"
14:03:56 | DEBUG | check_result: 95 | Response for sendMessage: [200] "'{"ok":true,"result":{"message_id":459,"from":{"id":5435708975,"is_bot":true,"first_name":"popovtest","username":"popov_test_bot"},"chat":{"id":976896597,"first_name":"Sasha","last_name":"Borisenko","type":"private"},"date":1657796637,"text":"\\u0422\\u0432\\u043e\\u0451 \\u0447\\u0438\\u0441\\u043b\\u043e \\u043c\\u0435\\u043d\\u044c\\u0448\\u0435 \\u0437\\u0430\\u0433\\u0430\\u0434\\u0430\\u043d\\u043d\\u043e\\u0433\\u043e.\\n\\u041f\\u043e\\u043f\\u0440\\u043e\\u0431\\u0443\\u0439 \\u0435\\u0449\\u0451 \\u0440\\u0430\\u0437"}}'"
14:03:59 | DEBUG | check_result: 95 | Response for getUpdates: [200] "'{"ok":true,"result":[{"update_id":439431184,\n"message":{"message_id":460,"from":{"id":976896597,"is_bot":false,"first_name":"Sasha","last_name":"Borisenko","language_code":"ru"},"chat":{"id":976896597,"first_name":"Sasha","last_name":"Borisenko","type":"private"},"date":1657796639,"text":"23"}}]}'"
14:03:59 | DEBUG | start_polling: 395 | Received 1 updates.
14:03:59 | DEBUG | make_request: 133 | Make request: "sendMessage" with data: "{'chat_id': 976896597, 'text': 'Твоё число меньше загаданного.\nПопробуй ещё раз'}" and files "None"
14:03:59 | DEBUG | make_request: 133 | Make request: "getUpdates" with data: "{'offset': 439431185, 'timeout': 20}" and files "None"
14:03:59 | DEBUG | check_result: 95 | Response for sendMessage: [200] "'{"ok":true,"result":{"message_id":461,"from":{"id":5435708975,"is_bot":true,"first_name":"popovtest","username":"popov_test_bot"},"chat":{"id":976896597,"first_name":"Sasha","last_name":"Borisenko","type":"private"},"date":1657796640,"text":"\\u0422\\u0432\\u043e\\u0451 \\u0447\\u0438\\u0441\\u043b\\u043e \\u043c\\u0435\\u043d\\u044c\\u0448\\u0435 \\u0437\\u0430\\u0433\\u0430\\u0434\\u0430\\u043d\\u043d\\u043e\\u0433\\u043e.\\n\\u041f\\u043e\\u043f\\u0440\\u043e\\u0431\\u0443\\u0439 \\u0435\\u0449\\u0451 \\u0440\\u0430\\u0437"}}'"
14:04:03 | DEBUG | check_result: 95 | Response for getUpdates: [200] "'{"ok":true,"result":[{"update_id":439431185,\n"message":{"message_id":462,"from":{"id":976896597,"is_bot":false,"first_name":"Sasha","last_name":"Borisenko","language_code":"ru"},"chat":{"id":976896597,"first_name":"Sasha","last_name":"Borisenko","type":"private"},"date":1657796644,"text":"30"}}]}'"
14:04:03 | DEBUG | start_polling: 395 | Received 1 updates.
14:04:03 | DEBUG | make_request: 133 | Make request: "sendMessage" with data: "{'chat_id': 976896597, 'text': 'Твоё число больше загаданного.\nПопробуй ввести число ещё раз'}" and files "None"
14:04:03 | DEBUG | make_request: 133 | Make request: "getUpdates" with data: "{'offset': 439431186, 'timeout': 20}" and files "None"
14:04:03 | DEBUG | check_result: 95 | Response for sendMessage: [200] "'{"ok":true,"result":{"message_id":463,"from":{"id":5435708975,"is_bot":true,"first_name":"popovtest","username":"popov_test_bot"},"chat":{"id":976896597,"first_name":"Sasha","last_name":"Borisenko","type":"private"},"date":1657796644,"text":"\\u0422\\u0432\\u043e\\u0451 \\u0447\\u0438\\u0441\\u043b\\u043e \\u0431\\u043e\\u043b\\u044c\\u0448\\u0435 \\u0437\\u0430\\u0433\\u0430\\u0434\\u0430\\u043d\\u043d\\u043e\\u0433\\u043e.\\n\\u041f\\u043e\\u043f\\u0440\\u043e\\u0431\\u0443\\u0439 \\u0432\\u0432\\u0435\\u0441\\u0442\\u0438 \\u0447\\u0438\\u0441\\u043b\\u043e \\u0435\\u0449\\u0451 \\u0440\\u0430\\u0437"}}'"
14:04:07 | DEBUG | check_result: 95 | Response for getUpdates: [200] "'{"ok":true,"result":[{"update_id":439431186,\n"message":{"message_id":464,"from":{"id":976896597,"is_bot":false,"first_name":"Sasha","last_name":"Borisenko","language_code":"ru"},"chat":{"id":976896597,"first_name":"Sasha","last_name":"Borisenko","type":"private"},"date":1657796647,"text":"26"}}]}'"
14:04:07 | DEBUG | start_polling: 395 | Received 1 updates.
14:04:07 | DEBUG | make_request: 133 | Make request: "sendMessage" with data: "{'chat_id': 976896597, 'text': 'Твоё число меньше загаданного.\nПопробуй ещё раз'}" and files "None"
14:04:07 | DEBUG | make_request: 133 | Make request: "getUpdates" with data: "{'offset': 439431187, 'timeout': 20}" and files "None"
14:04:07 | DEBUG | check_result: 95 | Response for sendMessage: [200] "'{"ok":true,"result":{"message_id":465,"from":{"id":5435708975,"is_bot":true,"first_name":"popovtest","username":"popov_test_bot"},"chat":{"id":976896597,"first_name":"Sasha","last_name":"Borisenko","type":"private"},"date":1657796647,"text":"\\u0422\\u0432\\u043e\\u0451 \\u0447\\u0438\\u0441\\u043b\\u043e \\u043c\\u0435\\u043d\\u044c\\u0448\\u0435 \\u0437\\u0430\\u0433\\u0430\\u0434\\u0430\\u043d\\u043d\\u043e\\u0433\\u043e.\\n\\u041f\\u043e\\u043f\\u0440\\u043e\\u0431\\u0443\\u0439 \\u0435\\u0449\\u0451 \\u0440\\u0430\\u0437"}}'"
14:04:09 | DEBUG | check_result: 95 | Response for getUpdates: [200] "'{"ok":true,"result":[{"update_id":439431187,\n"message":{"message_id":466,"from":{"id":976896597,"is_bot":false,"first_name":"Sasha","last_name":"Borisenko","language_code":"ru"},"chat":{"id":976896597,"first_name":"Sasha","last_name":"Borisenko","type":"private"},"date":1657796650,"text":"27"}}]}'"
14:04:09 | DEBUG | start_polling: 395 | Received 1 updates.
14:04:09 | DEBUG | make_request: 133 | Make request: "sendMessage" with data: "{'chat_id': 976896597, 'text': 'Твоё число меньше загаданного.\nПопробуй ещё раз'}" and files "None"
14:04:10 | DEBUG | make_request: 133 | Make request: "getUpdates" with data: "{'offset': 439431188, 'timeout': 20}" and files "None"
14:04:10 | DEBUG | check_result: 95 | Response for sendMessage: [200] "'{"ok":true,"result":{"message_id":467,"from":{"id":5435708975,"is_bot":true,"first_name":"popovtest","username":"popov_test_bot"},"chat":{"id":976896597,"first_name":"Sasha","last_name":"Borisenko","type":"private"},"date":1657796650,"text":"\\u0422\\u0432\\u043e\\u0451 \\u0447\\u0438\\u0441\\u043b\\u043e \\u043c\\u0435\\u043d\\u044c\\u0448\\u0435 \\u0437\\u0430\\u0433\\u0430\\u0434\\u0430\\u043d\\u043d\\u043e\\u0433\\u043e.\\n\\u041f\\u043e\\u043f\\u0440\\u043e\\u0431\\u0443\\u0439 \\u0435\\u0449\\u0451 \\u0440\\u0430\\u0437"}}'"
14:04:12 | DEBUG | check_result: 95 | Response for getUpdates: [200] "'{"ok":true,"result":[{"update_id":439431188,\n"message":{"message_id":468,"from":{"id":976896597,"is_bot":false,"first_name":"Sasha","last_name":"Borisenko","language_code":"ru"},"chat":{"id":976896597,"first_name":"Sasha","last_name":"Borisenko","type":"private"},"date":1657796652,"text":"28"}}]}'"
14:04:12 | DEBUG | start_polling: 395 | Received 1 updates.
14:04:12 | DEBUG | make_request: 133 | Make request: "sendMessage" with data: "{'chat_id': 976896597, 'text': 'Твоё число меньше загаданного.\nПопробуй ещё раз'}" and files "None"
14:04:12 | DEBUG | make_request: 133 | Make request: "getUpdates" with data: "{'offset': 439431189, 'timeout': 20}" and files "None"
14:04:12 | DEBUG | check_result: 95 | Response for sendMessage: [200] "'{"ok":true,"result":{"message_id":469,"from":{"id":5435708975,"is_bot":true,"first_name":"popovtest","username":"popov_test_bot"},"chat":{"id":976896597,"first_name":"Sasha","last_name":"Borisenko","type":"private"},"date":1657796652,"text":"\\u0422\\u0432\\u043e\\u0451 \\u0447\\u0438\\u0441\\u043b\\u043e \\u043c\\u0435\\u043d\\u044c\\u0448\\u0435 \\u0437\\u0430\\u0433\\u0430\\u0434\\u0430\\u043d\\u043d\\u043e\\u0433\\u043e.\\n\\u041f\\u043e\\u043f\\u0440\\u043e\\u0431\\u0443\\u0439 \\u0435\\u0449\\u0451 \\u0440\\u0430\\u0437"}}'"
14:04:14 | DEBUG | check_result: 95 | Response for getUpdates: [200] "'{"ok":true,"result":[{"update_id":439431189,\n"message":{"message_id":470,"from":{"id":976896597,"is_bot":false,"first_name":"Sasha","last_name":"Borisenko","language_code":"ru"},"chat":{"id":976896597,"first_name":"Sasha","last_name":"Borisenko","type":"private"},"date":1657796654,"text":"29"}}]}'"
14:04:14 | DEBUG | start_polling: 395 | Received 1 updates.
14:04:14 | DEBUG | make_request: 133 | Make request: "sendMessage" with data: "{'chat_id': 976896597, 'text': 'Поздравляю ты угадал.\nКоличество попыток: 10'}" and files "None"
14:04:14 | DEBUG | make_request: 133 | Make request: "getUpdates" with data: "{'offset': 439431190, 'timeout': 20}" and files "None"
14:04:14 | DEBUG | check_result: 95 | Response for sendMessage: [200] "'{"ok":true,"result":{"message_id":471,"from":{"id":5435708975,"is_bot":true,"first_name":"popovtest","username":"popov_test_bot"},"chat":{"id":976896597,"first_name":"Sasha","last_name":"Borisenko","type":"private"},"date":1657796655,"text":"\\u041f\\u043e\\u0437\\u0434\\u0440\\u0430\\u0432\\u043b\\u044f\\u044e \\u0442\\u044b \\u0443\\u0433\\u0430\\u0434\\u0430\\u043b.\\n\\u041a\\u043e\\u043b\\u0438\\u0447\\u0435\\u0441\\u0442\\u0432\\u043e \\u043f\\u043e\\u043f\\u044b\\u0442\\u043e\\u043a: 10"}}'"
14:04:25 | DEBUG | check_result: 95 | Response for getUpdates: [200] "'{"ok":true,"result":[{"update_id":439431190,\n"message":{"message_id":472,"from":{"id":976896597,"is_bot":false,"first_name":"Sasha","last_name":"Borisenko","language_code":"ru"},"chat":{"id":976896597,"first_name":"Sasha","last_name":"Borisenko","type":"private"},"date":1657796665,"text":"29"}}]}'"
14:04:25 | DEBUG | start_polling: 395 | Received 1 updates.
14:04:25 | DEBUG | make_request: 133 | Make request: "sendMessage" with data: "{'chat_id': 976896597, 'text': 'Поздравляю ты угадал.\nКоличество попыток: 1'}" and files "None"
14:04:25 | DEBUG | make_request: 133 | Make request: "getUpdates" with data: "{'offset': 439431191, 'timeout': 20}" and files "None"
14:04:25 | DEBUG | check_result: 95 | Response for sendMessage: [200] "'{"ok":true,"result":{"message_id":473,"from":{"id":5435708975,"is_bot":true,"first_name":"popovtest","username":"popov_test_bot"},"chat":{"id":976896597,"first_name":"Sasha","last_name":"Borisenko","type":"private"},"date":1657796665,"text":"\\u041f\\u043e\\u0437\\u0434\\u0440\\u0430\\u0432\\u043b\\u044f\\u044e \\u0442\\u044b \\u0443\\u0433\\u0430\\u0434\\u0430\\u043b.\\n\\u041a\\u043e\\u043b\\u0438\\u0447\\u0435\\u0441\\u0442\\u0432\\u043e \\u043f\\u043e\\u043f\\u044b\\u0442\\u043e\\u043a: 1"}}'"
14:04:28 | DEBUG | check_result: 95 | Response for getUpdates: [200] "'{"ok":true,"result":[{"update_id":439431191,\n"message":{"message_id":474,"from":{"id":976896597,"is_bot":false,"first_name":"Sasha","last_name":"Borisenko","language_code":"ru"},"chat":{"id":976896597,"first_name":"Sasha","last_name":"Borisenko","type":"private"},"date":1657796669,"text":"29"}}]}'"
14:04:28 | DEBUG | start_polling: 395 | Received 1 updates.
14:04:28 | DEBUG | make_request: 133 | Make request: "sendMessage" with data: "{'chat_id': 976896597, 'text': 'Поздравляю ты угадал.\nКоличество попыток: 1'}" and files "None"
14:04:28 | DEBUG | make_request: 133 | Make request: "getUpdates" with data: "{'offset': 439431192, 'timeout': 20}" and files "None"
14:04:28 | DEBUG | check_result: 95 | Response for sendMessage: [200] "'{"ok":true,"result":{"message_id":475,"from":{"id":5435708975,"is_bot":true,"first_name":"popovtest","username":"popov_test_bot"},"chat":{"id":976896597,"first_name":"Sasha","last_name":"Borisenko","type":"private"},"date":1657796669,"text":"\\u041f\\u043e\\u0437\\u0434\\u0440\\u0430\\u0432\\u043b\\u044f\\u044e \\u0442\\u044b \\u0443\\u0433\\u0430\\u0434\\u0430\\u043b.\\n\\u041a\\u043e\\u043b\\u0438\\u0447\\u0435\\u0441\\u0442\\u0432\\u043e \\u043f\\u043e\\u043f\\u044b\\u0442\\u043e\\u043a: 1"}}'"
14:04:32 | DEBUG | check_result: 95 | Response for getUpdates: [200] "'{"ok":true,"result":[{"update_id":439431192,\n"message":{"message_id":476,"from":{"id":976896597,"is_bot":false,"first_name":"Sasha","last_name":"Borisenko","language_code":"ru"},"chat":{"id":976896597,"first_name":"Sasha","last_name":"Borisenko","type":"private"},"date":1657796672,"text":"29"}}]}'"
14:04:32 | DEBUG | start_polling: 395 | Received 1 updates.
14:04:32 | DEBUG | make_request: 133 | Make request: "sendMessage" with data: "{'chat_id': 976896597, 'text': 'Поздравляю ты угадал.\nКоличество попыток: 1'}" and files "None"
14:04:32 | DEBUG | make_request: 133 | Make request: "getUpdates" with data: "{'offset': 439431193, 'timeout': 20}" and files "None"
14:04:32 | DEBUG | check_result: 95 | Response for sendMessage: [200] "'{"ok":true,"result":{"message_id":477,"from":{"id":5435708975,"is_bot":true,"first_name":"popovtest","username":"popov_test_bot"},"chat":{"id":976896597,"first_name":"Sasha","last_name":"Borisenko","type":"private"},"date":1657796672,"text":"\\u041f\\u043e\\u0437\\u0434\\u0440\\u0430\\u0432\\u043b\\u044f\\u044e \\u0442\\u044b \\u0443\\u0433\\u0430\\u0434\\u0430\\u043b.\\n\\u041a\\u043e\\u043b\\u0438\\u0447\\u0435\\u0441\\u0442\\u0432\\u043e \\u043f\\u043e\\u043f\\u044b\\u0442\\u043e\\u043a: 1"}}'"
14:04:52 | DEBUG | check_result: 95 | Response for getUpdates: [200] "'{"ok":true,"result":[]}'"
14:04:52 | DEBUG | make_request: 133 | Make request: "getUpdates" with data: "{'offset': 439431193, 'timeout': 20}" and files "None"
14:05:12 | DEBUG | check_result: 95 | Response for getUpdates: [200] "'{"ok":true,"result":[]}'"
14:05:12 | DEBUG | make_request: 133 | Make request: "getUpdates" with data: "{'offset': 439431193, 'timeout': 20}" and files "None"
14:05:32 | DEBUG | check_result: 95 | Response for getUpdates: [200] "'{"ok":true,"result":[]}'"
14:05:32 | DEBUG | make_request: 133 | Make request: "getUpdates" with data: "{'offset': 439431193, 'timeout': 20}" and files "None"
14:05:53 | DEBUG | check_result: 95 | Response for getUpdates: [200] "'{"ok":true,"result":[]}'"
14:05:53 | DEBUG | make_request: 133 | Make request: "getUpdates" with data: "{'offset': 439431193, 'timeout': 20}" and files "None"
14:06:13 | DEBUG | check_result: 95 | Response for getUpdates: [200] "'{"ok":true,"result":[]}'"
14:06:13 | DEBUG | make_request: 133 | Make request: "getUpdates" with data: "{'offset': 439431193, 'timeout': 20}" and files "None"
14:06:33 | DEBUG | check_result: 95 | Response for getUpdates: [200] "'{"ok":true,"result":[]}'"
14:06:33 | DEBUG | make_request: 133 | Make request: "getUpdates" with data: "{'offset': 439431193, 'timeout': 20}" and files "None"
14:06:53 | DEBUG | check_result: 95 | Response for getUpdates: [200] "'{"ok":true,"result":[]}'"
14:06:53 | DEBUG | make_request: 133 | Make request: "getUpdates" with data: "{'offset': 439431193, 'timeout': 20}" and files "None"
14:07:13 | DEBUG | check_result: 95 | Response for getUpdates: [200] "'{"ok":true,"result":[]}'"
14:07:13 | DEBUG | make_request: 133 | Make request: "getUpdates" with data: "{'offset': 439431193, 'timeout': 20}" and files "None"
14:07:34 | DEBUG | check_result: 95 | Response for getUpdates: [200] "'{"ok":true,"result":[]}'"
14:07:34 | DEBUG | make_request: 133 | Make request: "getUpdates" with data: "{'offset': 439431193, 'timeout': 20}" and files "None"
14:07:54 | DEBUG | check_result: 95 | Response for getUpdates: [200] "'{"ok":true,"result":[]}'"
14:07:54 | DEBUG | make_request: 133 | Make request: "getUpdates" with data: "{'offset': 439431193, 'timeout': 20}" and files "None"
14:08:14 | DEBUG | check_result: 95 | Response for getUpdates: [200] "'{"ok":true,"result":[]}'"
14:08:14 | DEBUG | make_request: 133 | Make request: "getUpdates" with data: "{'offset': 439431193, 'timeout': 20}" and files "None"
14:08:35 | DEBUG | check_result: 95 | Response for getUpdates: [200] "'{"ok":true,"result":[]}'"
14:08:35 | DEBUG | make_request: 133 | Make request: "getUpdates" with data: "{'offset': 439431193, 'timeout': 20}" and files "None"
14:08:55 | DEBUG | check_result: 95 | Response for getUpdates: [200] "'{"ok":true,"result":[]}'"
14:08:55 | DEBUG | make_request: 133 | Make request: "getUpdates" with data: "{'offset': 439431193, 'timeout': 20}" and files "None"
14:09:15 | DEBUG | check_result: 95 | Response for getUpdates: [200] "'{"ok":true,"result":[]}'"
14:09:15 | DEBUG | make_request: 133 | Make request: "getUpdates" with data: "{'offset': 439431193, 'timeout': 20}" and files "None"
14:09:35 | DEBUG | check_result: 95 | Response for getUpdates: [200] "'{"ok":true,"result":[]}'"
14:09:35 | DEBUG | make_request: 133 | Make request: "getUpdates" with data: "{'offset': 439431193, 'timeout': 20}" and files "None"
14:09:55 | DEBUG | check_result: 95 | Response for getUpdates: [200] "'{"ok":true,"result":[]}'"
14:09:56 | DEBUG | make_request: 133 | Make request: "getUpdates" with data: "{'offset': 439431193, 'timeout': 20}" and files "None"
14:10:04 | INFO | stop_polling: 433 | Stop polling...
14:10:04 | WARNING | start_polling: 329 | Goodbye!
14:10:07 | DEBUG | __init__: 623 | Using proactor: IocpProactor
14:10:07 | DEBUG | make_request: 133 | Make request: "getMe" with data: "{}" and files "None"
14:10:07 | DEBUG | check_result: 95 | Response for getMe: [200] "'{"ok":true,"result":{"id":5435708975,"is_bot":true,"first_name":"popovtest","username":"popov_test_bot","can_join_groups":true,"can_read_all_group_messages":false,"supports_inline_queries":false}}'"
14:10:07 | INFO | _welcome: 362 | Bot: popovtest [@popov_test_bot]
14:10:07 | INFO | start_polling: 358 | Start polling.
14:10:07 | DEBUG | make_request: 133 | Make request: "getWebhookInfo" with data: "{}" and files "None"
14:10:07 | DEBUG | check_result: 95 | Response for getWebhookInfo: [200] "'{"ok":true,"result":{"url":"","has_custom_certificate":false,"pending_update_count":0}}'"
14:10:07 | DEBUG | make_request: 133 | Make request: "getUpdates" with data: "{'timeout': 20}" and files "None"
14:10:27 | DEBUG | check_result: 95 | Response for getUpdates: [200] "'{"ok":true,"result":[]}'"
14:10:27 | DEBUG | make_request: 133 | Make request: "getUpdates" with data: "{'timeout': 20}" and files "None"
14:10:48 | DEBUG | check_result: 95 | Response for getUpdates: [200] "'{"ok":true,"result":[]}'"
14:10:48 | DEBUG | make_request: 133 | Make request: "getUpdates" with data: "{'timeout': 20}" and files "None"
14:11:08 | DEBUG | check_result: 95 | Response for getUpdates: [200] "'{"ok":true,"result":[]}'"
14:11:08 | DEBUG | make_request: 133 | Make request: "getUpdates" with data: "{'timeout': 20}" and files "None"
14:11:28 | DEBUG | check_result: 95 | Response for getUpdates: [200] "'{"ok":true,"result":[]}'"
14:11:28 | DEBUG | make_request: 133 | Make request: "getUpdates" with data: "{'timeout': 20}" and files "None"
14:11:48 | DEBUG | check_result: 95 | Response for getUpdates: [200] "'{"ok":true,"result":[]}'"
14:11:48 | DEBUG | make_request: 133 | Make request: "getUpdates" with data: "{'timeout': 20}" and files "None"
14:12:08 | DEBUG | check_result: 95 | Response for getUpdates: [200] "'{"ok":true,"result":[]}'"
14:12:08 | DEBUG | make_request: 133 | Make request: "getUpdates" with data: "{'timeout': 20}" and files "None"
14:12:29 | DEBUG | check_result: 95 | Response for getUpdates: [200] "'{"ok":true,"result":[]}'"
14:12:29 | DEBUG | make_request: 133 | Make request: "getUpdates" with data: "{'timeout': 20}" and files "None"
14:12:49 | DEBUG | check_result: 95 | Response for getUpdates: [200] "'{"ok":true,"result":[]}'"
14:12:49 | DEBUG | make_request: 133 | Make request: "getUpdates" with data: "{'timeout': 20}" and files "None"
14:13:09 | DEBUG | check_result: 95 | Response for getUpdates: [200] "'{"ok":true,"result":[]}'"
14:13:09 | DEBUG | make_request: 133 | Make request: "getUpdates" with data: "{'timeout': 20}" and files "None"
14:13:29 | DEBUG | check_result: 95 | Response for getUpdates: [200] "'{"ok":true,"result":[]}'"
14:13:29 | DEBUG | make_request: 133 | Make request: "getUpdates" with data: "{'timeout': 20}" and files "None"
14:13:49 | DEBUG | check_result: 95 | Response for getUpdates: [200] "'{"ok":true,"result":[]}'"
14:13:49 | DEBUG | make_request: 133 | Make request: "getUpdates" with data: "{'timeout': 20}" and files "None"
14:14:10 | DEBUG | check_result: 95 | Response for getUpdates: [200] "'{"ok":true,"result":[]}'"
14:14:10 | DEBUG | make_request: 133 | Make request: "getUpdates" with data: "{'timeout': 20}" and files "None"
14:14:30 | DEBUG | check_result: 95 | Response for getUpdates: [200] "'{"ok":true,"result":[]}'"
14:14:30 | DEBUG | make_request: 133 | Make request: "getUpdates" with data: "{'timeout': 20}" and files "None"
14:14:50 | DEBUG | check_result: 95 | Response for getUpdates: [200] "'{"ok":true,"result":[]}'"
14:14:50 | DEBUG | make_request: 133 | Make request: "getUpdates" with data: "{'timeout': 20}" and files "None"
14:15:10 | DEBUG | check_result: 95 | Response for getUpdates: [200] "'{"ok":true,"result":[]}'"
14:15:10 | DEBUG | make_request: 133 | Make request: "getUpdates" with data: "{'timeout': 20}" and files "None"
14:15:30 | DEBUG | check_result: 95 | Response for getUpdates: [200] "'{"ok":true,"result":[]}'"
14:15:30 | DEBUG | make_request: 133 | Make request: "getUpdates" with data: "{'timeout': 20}" and files "None"
14:15:39 | INFO | stop_polling: 433 | Stop polling...
14:15:39 | WARNING | start_polling: 329 | Goodbye!
